312  [main] DEBUG org.apache.commons.httpclient.HttpClient  - Java version: 1.6.0_20
312  [main] DEBUG org.apache.commons.httpclient.HttpClient  - Java vendor: Sun Microsystems Inc.
313  [main] DEBUG org.apache.commons.httpclient.HttpClient  - Java class path: c:\msysgit\local\gooddata-cli-1.2.21-BETA;c:\msysgit\local\gooddata-cli-1.2.21-BETA\lib\axis-1.4.jar;c:\msysgit\local\gooddata-cli-1.2.21-BETA\lib\axis-jaxrpc-1.4.jar;c:\msysgit\local\gooddata-cli-1.2.21-BETA\lib\axis-saaj-1.4.jar;c:\msysgit\local\gooddata-cli-1.2.21-BETA\lib\axis-wsdl4j-1.5.1.jar;c:\msysgit\local\gooddata-cli-1.2.21-BETA\lib\commons-beanutils-1.8.0.jar;c:\msysgit\local\gooddata-cli-1.2.21-BETA\lib\commons-cli-1.2.jar;c:\msysgit\local\gooddata-cli-1.2.21-BETA\lib\commons-codec-1.3.jar;c:\msysgit\local\gooddata-cli-1.2.21-BETA\lib\commons-collections-3.2.1.jar;c:\msysgit\local\gooddata-cli-1.2.21-BETA\lib\commons-discovery-0.2.jar;c:\msysgit\local\gooddata-cli-1.2.21-BETA\lib\commons-httpclient-3.1.jar;c:\msysgit\local\gooddata-cli-1.2.21-BETA\lib\commons-io-1.4.jar;c:\msysgit\local\gooddata-cli-1.2.21-BETA\lib\commons-jexl-2.0.1.jar;c:\msysgit\local\gooddata-cli-1.2.21-BETA\lib\commons-lang-2.4.jar;c:\msysgit\local\gooddata-cli-1.2.21-BETA\lib\commons-logging-1.1.1.jar;c:\msysgit\local\gooddata-cli-1.2.21-BETA\lib\commons-net-2.0.jar;c:\msysgit\local\gooddata-cli-1.2.21-BETA\lib\derby-10.6.1.0.jar;c:\msysgit\local\gooddata-cli-1.2.21-BETA\lib\dom4j-1.6.1.jar;c:\msysgit\local\gooddata-cli-1.2.21-BETA\lib\ezmorph-1.0.6.jar;c:\msysgit\local\gooddata-cli-1.2.21-BETA\lib\gdata-java-client-1.40.0.atlassian-2.jar;c:\msysgit\local\gooddata-cli-1.2.21-BETA\lib\gooddata-cl-backend-1.2.21-BETA.jar;c:\msysgit\local\gooddata-cli-1.2.21-BETA\lib\gooddata-cl-cli-1.2.21-BETA.jar;c:\msysgit\local\gooddata-cli-1.2.21-BETA\lib\gooddata-cl-common-1.2.21-BETA.jar;c:\msysgit\local\gooddata-cli-1.2.21-BETA\lib\gooddata-cl-connector-1.2.21-BETA.jar;c:\msysgit\local\gooddata-cli-1.2.21-BETA\lib\google-collections-1.0-rc2.jar;c:\msysgit\local\gooddata-cli-1.2.21-BETA\lib\httpclient-4.0.1.jar;c:\msysgit\local\gooddata-cli-1.2.21-BETA\lib\httpcore-4.0.1.jar;c:\msysgit\local\gooddata-cli-1.2.21-BETA\lib\icu4j-4.0.1.jar;c:\msysgit\local\gooddata-cli-1.2.21-BETA\lib\jackrabbit-jcr-commons-2.1.1.jar;c:\msysgit\local\gooddata-cli-1.2.21-BETA\lib\jackrabbit-webdav-2.1.1.jar;c:\msysgit\local\gooddata-cli-1.2.21-BETA\lib\javassist-3.12.1.GA.jar;c:\msysgit\local\gooddata-cli-1.2.21-BETA\lib\jaxen-1.1.1.jar;c:\msysgit\local\gooddata-cli-1.2.21-BETA\lib\jdom-1.0.jar;c:\msysgit\local\gooddata-cli-1.2.21-BETA\lib\joda-time-1.6.jar;c:\msysgit\local\gooddata-cli-1.2.21-BETA\lib\json-lib-2.3-jdk15.jar;c:\msysgit\local\gooddata-cli-1.2.21-BETA\lib\json-simple-1.1.jar;c:\msysgit\local\gooddata-cli-1.2.21-BETA\lib\jtds-1.2.4.jar;c:\msysgit\local\gooddata-cli-1.2.21-BETA\lib\junit-4.8.1.jar;c:\msysgit\local\gooddata-cli-1.2.21-BETA\lib\log4j-1.2.16.jar;c:\msysgit\local\gooddata-cli-1.2.21-BETA\lib\mysql-connector-java-5.1.12.jar;c:\msysgit\local\gooddata-cli-1.2.21-BETA\lib\opencsv-2.1.jar;c:\msysgit\local\gooddata-cli-1.2.21-BETA\lib\postgresql-8.4-701.jdbc4.jar;c:\msysgit\local\gooddata-cli-1.2.21-BETA\lib\signpost-commonshttp4-1.2.jar;c:\msysgit\local\gooddata-cli-1.2.21-BETA\lib\signpost-core-1.2.jar;c:\msysgit\local\gooddata-cli-1.2.21-BETA\lib\slf4j-api-1.6.1.jar;c:\msysgit\local\gooddata-cli-1.2.21-BETA\lib\slf4j-log4j12-1.6.1.jar;c:\msysgit\local\gooddata-cli-1.2.21-BETA\lib\xom-1.0.jar;c:\msysgit\local\gooddata-cli-1.2.21-BETA\lib\xpp3_min-1.1.3.4.O.jar;c:\msysgit\local\gooddata-cli-1.2.21-BETA\lib\xstream-1.2.2.jar
315  [main] DEBUG org.apache.commons.httpclient.HttpClient  - Operating system name: Windows 7
315  [main] DEBUG org.apache.commons.httpclient.HttpClient  - Operating system architecture: x86
315  [main] DEBUG org.apache.commons.httpclient.HttpClient  - Operating system version: 6.1
599  [main] DEBUG org.apache.commons.httpclient.HttpClient  - SUN 1.6: SUN (DSA key/parameter generation; DSA signing; SHA-1, MD5 digests; SecureRandom; X.509 certificates; JKS keystore; PKIX CertPathValidator; PKIX CertPathBuilder; LDAP, Collection CertStores, JavaPolicy Policy; JavaLoginConfig Configuration)
599  [main] DEBUG org.apache.commons.httpclient.HttpClient  - SunRsaSign 1.5: Sun RSA signature provider
600  [main] DEBUG org.apache.commons.httpclient.HttpClient  - SunJSSE 1.6: Sun JSSE provider(PKCS12, SunX509 key/trust factories, SSLv3, TLSv1)
600  [main] DEBUG org.apache.commons.httpclient.HttpClient  - SunJCE 1.6: SunJCE Provider (implements RSA, DES, Triple DES, AES, Blowfish, ARCFOUR, RC2, PBE, Diffie-Hellman, HMAC)
600  [main] DEBUG org.apache.commons.httpclient.HttpClient  - SunJGSS 1.0: Sun (Kerberos v5, SPNEGO)
600  [main] DEBUG org.apache.commons.httpclient.HttpClient  - SunSASL 1.5: Sun SASL provider(implements client mechanisms for: DIGEST-MD5, GSSAPI, EXTERNAL, PLAIN, CRAM-MD5; server mechanisms for: DIGEST-MD5, GSSAPI, CRAM-MD5)
600  [main] DEBUG org.apache.commons.httpclient.HttpClient  - XMLDSig 1.0: XMLDSig (DOM XMLSignatureFactory; DOM KeyInfoFactory)
601  [main] DEBUG org.apache.commons.httpclient.HttpClient  - SunPCSC 1.6: Sun PC/SC provider
601  [main] DEBUG org.apache.commons.httpclient.HttpClient  - SunMSCAPI 1.6: Sun's Microsoft Crypto API provider
610  [main] DEBUG org.apache.commons.httpclient.params.DefaultHttpParams  - Set parameter http.useragent = Jakarta Commons-HttpClient/3.1
612  [main] DEBUG org.apache.commons.httpclient.params.DefaultHttpParams  - Set parameter http.protocol.version = HTTP/1.1
613  [main] DEBUG org.apache.commons.httpclient.params.DefaultHttpParams  - Set parameter http.connection-manager.class = class org.apache.commons.httpclient.SimpleHttpConnectionManager
614  [main] DEBUG org.apache.commons.httpclient.params.DefaultHttpParams  - Set parameter http.protocol.cookie-policy = default
614  [main] DEBUG org.apache.commons.httpclient.params.DefaultHttpParams  - Set parameter http.protocol.element-charset = US-ASCII
614  [main] DEBUG org.apache.commons.httpclient.params.DefaultHttpParams  - Set parameter http.protocol.content-charset = ISO-8859-1
624  [main] DEBUG org.apache.commons.httpclient.params.DefaultHttpParams  - Set parameter http.method.retry-handler = org.apache.commons.httpclient.DefaultHttpMethodRetryHandler@1f6df4c
624  [main] DEBUG org.apache.commons.httpclient.params.DefaultHttpParams  - Set parameter http.dateparser.patterns = [EEE, dd MMM yyyy HH:mm:ss zzz, EEEE, dd-MMM-yy HH:mm:ss zzz, EEE MMM d HH:mm:ss yyyy, EEE, dd-MMM-yyyy HH:mm:ss z, EEE, dd-MMM-yyyy HH-mm-ss z, EEE, dd MMM yy HH:mm:ss z, EEE dd-MMM-yyyy HH:mm:ss z, EEE dd MMM yyyy HH:mm:ss z, EEE dd-MMM-yyyy HH-mm-ss z, EEE dd-MMM-yy HH:mm:ss z, EEE dd MMM yy HH:mm:ss z, EEE,dd-MMM-yy HH:mm:ss z, EEE,dd-MMM-yyyy HH:mm:ss z, EEE, dd-MM-yyyy HH:mm:ss z]
864  [main] DEBUG org.apache.commons.httpclient.HttpConnection  - Open connection to secure.gooddata.com:443
1598 [main] DEBUG org.apache.commons.httpclient.HttpMethodBase  - Adding Host request header
2090 [main] DEBUG org.apache.commons.httpclient.methods.EntityEnclosingMethod  - Request body sent
2414 [main] DEBUG org.apache.commons.httpclient.HttpMethodBase  - Cookie accepted: "$Version=0; X-GDC-NODE-ID=nodeOne; $Path=/gdc"
2416 [main] DEBUG org.apache.commons.httpclient.HttpMethodBase  - Cookie accepted: "$Version=0; GDCAuthTT=; $Path=/"
2456 [main] DEBUG org.apache.commons.httpclient.HttpMethodBase  - Cookie accepted: "$Version=0; GDCAuthSST=938b7963aafaf3caabf748dd12891bee0795104aeb38e0e5d1faa98e4ddaa43ed9558009de82a44de95e6025020e4df4bf923ecabf7ecb14c54153670f0bb686162350ea531a93c53e3feecbabf037a5b332f421bd5b14e1b89de0c8f892fb560db82997cf045e8e7be98c84df177c8cbe690466fa2e497b7f820a5b750af2; $Path=/gdc/account"
2459 [main] DEBUG org.apache.commons.httpclient.HttpMethodBase  - Buffering response body
2462 [main] DEBUG org.apache.commons.httpclient.HttpMethodBase  - Resorting to protocol version default close connection policy
2462 [main] DEBUG org.apache.commons.httpclient.HttpMethodBase  - Should NOT close connection, using HTTP/1.1
2462 [main] DEBUG org.apache.commons.httpclient.HttpConnection  - Releasing connection back to connection manager.
2462 [main] DEBUG org.apache.commons.httpclient.HttpMethodBase  - Default charset used: ISO-8859-1
2481 [main] DEBUG org.apache.commons.httpclient.HttpMethodBase  - Adding Host request header
2628 [main] DEBUG org.apache.commons.httpclient.HttpMethodBase  - Cookie accepted: "$Version=0; GDCAuthTT=09320fb8c42e7155d69172fba80c86e2f17276a5bac3a2538fcf0774c915073737570a224e4837a52c2f9dbe9ecfe988f6de8dafce7c435c312feb7b1ac110706fdeaba3c110b03a029f001c027df3e4ad16809e5bf8fe5bb11cd374f656b32c59b461105a8ce5861634c740ec6d007ae5d9b8005cf255dcdb3bb0922f8bff497b2275223a223332222c2276223a313330333133393831367d; $Path=/"
2629 [main] DEBUG org.apache.commons.httpclient.HttpMethodBase  - Buffering response body
2629 [main] DEBUG org.apache.commons.httpclient.HttpMethodBase  - Resorting to protocol version default close connection policy
2629 [main] DEBUG org.apache.commons.httpclient.HttpMethodBase  - Should NOT close connection, using HTTP/1.1
2629 [main] DEBUG org.apache.commons.httpclient.HttpConnection  - Releasing connection back to connection manager.
2639 [main] DEBUG org.apache.commons.httpclient.HttpMethodBase  - Adding Host request header
2799 [main] DEBUG org.apache.commons.httpclient.HttpMethodBase  - Buffering response body
2800 [main] DEBUG org.apache.commons.httpclient.HttpMethodBase  - Resorting to protocol version default close connection policy
2800 [main] DEBUG org.apache.commons.httpclient.HttpMethodBase  - Should NOT close connection, using HTTP/1.1
2800 [main] DEBUG org.apache.commons.httpclient.HttpConnection  - Releasing connection back to connection manager.
2800 [main] DEBUG org.apache.commons.httpclient.HttpMethodBase  - Default charset used: ISO-8859-1
2810 [main] DEBUG org.apache.commons.httpclient.HttpMethodBase  - Adding Host request header
2813 [main] DEBUG org.apache.commons.httpclient.methods.EntityEnclosingMethod  - Request body sent
4626 [main] DEBUG org.apache.commons.httpclient.HttpMethodBase  - Buffering response body
4626 [main] DEBUG org.apache.commons.httpclient.HttpMethodBase  - Resorting to protocol version default close connection policy
4627 [main] DEBUG org.apache.commons.httpclient.HttpMethodBase  - Should NOT close connection, using HTTP/1.1
4627 [main] DEBUG org.apache.commons.httpclient.HttpConnection  - Releasing connection back to connection manager.
4627 [main] DEBUG org.apache.commons.httpclient.HttpMethodBase  - Default charset used: ISO-8859-1
4628 [main] DEBUG org.apache.commons.httpclient.HttpMethodBase  - Adding Host request header
4783 [main] DEBUG org.apache.commons.httpclient.HttpMethodBase  - Buffering response body
4784 [main] DEBUG org.apache.commons.httpclient.HttpMethodBase  - Resorting to protocol version default close connection policy
4784 [main] DEBUG org.apache.commons.httpclient.HttpMethodBase  - Should NOT close connection, using HTTP/1.1
4784 [main] DEBUG org.apache.commons.httpclient.HttpConnection  - Releasing connection back to connection manager.
4785 [main] DEBUG org.apache.commons.httpclient.HttpMethodBase  - Default charset used: ISO-8859-1
4794 [main] DEBUG org.apache.commons.httpclient.HttpMethodBase  - Adding Host request header
5339 [main] DEBUG org.apache.commons.httpclient.HttpMethodBase  - Buffering response body
5588 [main] DEBUG org.apache.commons.httpclient.HttpMethodBase  - Resorting to protocol version default close connection policy
5588 [main] DEBUG org.apache.commons.httpclient.HttpMethodBase  - Should NOT close connection, using HTTP/1.1
5588 [main] DEBUG org.apache.commons.httpclient.HttpConnection  - Releasing connection back to connection manager.
5588 [main] DEBUG org.apache.commons.httpclient.HttpMethodBase  - Default charset used: ISO-8859-1
5637 [main] DEBUG org.apache.commons.httpclient.HttpMethodBase  - Adding Host request header
5799 [main] DEBUG org.apache.commons.httpclient.HttpMethodBase  - Buffering response body
5800 [main] DEBUG org.apache.commons.httpclient.HttpMethodBase  - Resorting to protocol version default close connection policy
5800 [main] DEBUG org.apache.commons.httpclient.HttpMethodBase  - Should NOT close connection, using HTTP/1.1
5800 [main] DEBUG org.apache.commons.httpclient.HttpConnection  - Releasing connection back to connection manager.
5800 [main] DEBUG org.apache.commons.httpclient.HttpMethodBase  - Default charset used: ISO-8859-1
212  [main] DEBUG org.apache.commons.httpclient.HttpClient  - Java version: 1.6.0_20
213  [main] DEBUG org.apache.commons.httpclient.HttpClient  - Java vendor: Sun Microsystems Inc.
213  [main] DEBUG org.apache.commons.httpclient.HttpClient  - Java class path: c:\msysgit\local\gooddata-cli-1.2.21-BETA;c:\msysgit\local\gooddata-cli-1.2.21-BETA\lib\axis-1.4.jar;c:\msysgit\local\gooddata-cli-1.2.21-BETA\lib\axis-jaxrpc-1.4.jar;c:\msysgit\local\gooddata-cli-1.2.21-BETA\lib\axis-saaj-1.4.jar;c:\msysgit\local\gooddata-cli-1.2.21-BETA\lib\axis-wsdl4j-1.5.1.jar;c:\msysgit\local\gooddata-cli-1.2.21-BETA\lib\commons-beanutils-1.8.0.jar;c:\msysgit\local\gooddata-cli-1.2.21-BETA\lib\commons-cli-1.2.jar;c:\msysgit\local\gooddata-cli-1.2.21-BETA\lib\commons-codec-1.3.jar;c:\msysgit\local\gooddata-cli-1.2.21-BETA\lib\commons-collections-3.2.1.jar;c:\msysgit\local\gooddata-cli-1.2.21-BETA\lib\commons-discovery-0.2.jar;c:\msysgit\local\gooddata-cli-1.2.21-BETA\lib\commons-httpclient-3.1.jar;c:\msysgit\local\gooddata-cli-1.2.21-BETA\lib\commons-io-1.4.jar;c:\msysgit\local\gooddata-cli-1.2.21-BETA\lib\commons-jexl-2.0.1.jar;c:\msysgit\local\gooddata-cli-1.2.21-BETA\lib\commons-lang-2.4.jar;c:\msysgit\local\gooddata-cli-1.2.21-BETA\lib\commons-logging-1.1.1.jar;c:\msysgit\local\gooddata-cli-1.2.21-BETA\lib\commons-net-2.0.jar;c:\msysgit\local\gooddata-cli-1.2.21-BETA\lib\derby-10.6.1.0.jar;c:\msysgit\local\gooddata-cli-1.2.21-BETA\lib\dom4j-1.6.1.jar;c:\msysgit\local\gooddata-cli-1.2.21-BETA\lib\ezmorph-1.0.6.jar;c:\msysgit\local\gooddata-cli-1.2.21-BETA\lib\gdata-java-client-1.40.0.atlassian-2.jar;c:\msysgit\local\gooddata-cli-1.2.21-BETA\lib\gooddata-cl-backend-1.2.21-BETA.jar;c:\msysgit\local\gooddata-cli-1.2.21-BETA\lib\gooddata-cl-cli-1.2.21-BETA.jar;c:\msysgit\local\gooddata-cli-1.2.21-BETA\lib\gooddata-cl-common-1.2.21-BETA.jar;c:\msysgit\local\gooddata-cli-1.2.21-BETA\lib\gooddata-cl-connector-1.2.21-BETA.jar;c:\msysgit\local\gooddata-cli-1.2.21-BETA\lib\google-collections-1.0-rc2.jar;c:\msysgit\local\gooddata-cli-1.2.21-BETA\lib\httpclient-4.0.1.jar;c:\msysgit\local\gooddata-cli-1.2.21-BETA\lib\httpcore-4.0.1.jar;c:\msysgit\local\gooddata-cli-1.2.21-BETA\lib\icu4j-4.0.1.jar;c:\msysgit\local\gooddata-cli-1.2.21-BETA\lib\jackrabbit-jcr-commons-2.1.1.jar;c:\msysgit\local\gooddata-cli-1.2.21-BETA\lib\jackrabbit-webdav-2.1.1.jar;c:\msysgit\local\gooddata-cli-1.2.21-BETA\lib\javassist-3.12.1.GA.jar;c:\msysgit\local\gooddata-cli-1.2.21-BETA\lib\jaxen-1.1.1.jar;c:\msysgit\local\gooddata-cli-1.2.21-BETA\lib\jdom-1.0.jar;c:\msysgit\local\gooddata-cli-1.2.21-BETA\lib\joda-time-1.6.jar;c:\msysgit\local\gooddata-cli-1.2.21-BETA\lib\json-lib-2.3-jdk15.jar;c:\msysgit\local\gooddata-cli-1.2.21-BETA\lib\json-simple-1.1.jar;c:\msysgit\local\gooddata-cli-1.2.21-BETA\lib\jtds-1.2.4.jar;c:\msysgit\local\gooddata-cli-1.2.21-BETA\lib\junit-4.8.1.jar;c:\msysgit\local\gooddata-cli-1.2.21-BETA\lib\log4j-1.2.16.jar;c:\msysgit\local\gooddata-cli-1.2.21-BETA\lib\mysql-connector-java-5.1.12.jar;c:\msysgit\local\gooddata-cli-1.2.21-BETA\lib\opencsv-2.1.jar;c:\msysgit\local\gooddata-cli-1.2.21-BETA\lib\postgresql-8.4-701.jdbc4.jar;c:\msysgit\local\gooddata-cli-1.2.21-BETA\lib\signpost-commonshttp4-1.2.jar;c:\msysgit\local\gooddata-cli-1.2.21-BETA\lib\signpost-core-1.2.jar;c:\msysgit\local\gooddata-cli-1.2.21-BETA\lib\slf4j-api-1.6.1.jar;c:\msysgit\local\gooddata-cli-1.2.21-BETA\lib\slf4j-log4j12-1.6.1.jar;c:\msysgit\local\gooddata-cli-1.2.21-BETA\lib\xom-1.0.jar;c:\msysgit\local\gooddata-cli-1.2.21-BETA\lib\xpp3_min-1.1.3.4.O.jar;c:\msysgit\local\gooddata-cli-1.2.21-BETA\lib\xstream-1.2.2.jar
214  [main] DEBUG org.apache.commons.httpclient.HttpClient  - Operating system name: Windows 7
215  [main] DEBUG org.apache.commons.httpclient.HttpClient  - Operating system architecture: x86
215  [main] DEBUG org.apache.commons.httpclient.HttpClient  - Operating system version: 6.1
299  [main] DEBUG org.apache.commons.httpclient.HttpClient  - SUN 1.6: SUN (DSA key/parameter generation; DSA signing; SHA-1, MD5 digests; SecureRandom; X.509 certificates; JKS keystore; PKIX CertPathValidator; PKIX CertPathBuilder; LDAP, Collection CertStores, JavaPolicy Policy; JavaLoginConfig Configuration)
299  [main] DEBUG org.apache.commons.httpclient.HttpClient  - SunRsaSign 1.5: Sun RSA signature provider
299  [main] DEBUG org.apache.commons.httpclient.HttpClient  - SunJSSE 1.6: Sun JSSE provider(PKCS12, SunX509 key/trust factories, SSLv3, TLSv1)
300  [main] DEBUG org.apache.commons.httpclient.HttpClient  - SunJCE 1.6: SunJCE Provider (implements RSA, DES, Triple DES, AES, Blowfish, ARCFOUR, RC2, PBE, Diffie-Hellman, HMAC)
300  [main] DEBUG org.apache.commons.httpclient.HttpClient  - SunJGSS 1.0: Sun (Kerberos v5, SPNEGO)
300  [main] DEBUG org.apache.commons.httpclient.HttpClient  - SunSASL 1.5: Sun SASL provider(implements client mechanisms for: DIGEST-MD5, GSSAPI, EXTERNAL, PLAIN, CRAM-MD5; server mechanisms for: DIGEST-MD5, GSSAPI, CRAM-MD5)
300  [main] DEBUG org.apache.commons.httpclient.HttpClient  - XMLDSig 1.0: XMLDSig (DOM XMLSignatureFactory; DOM KeyInfoFactory)
300  [main] DEBUG org.apache.commons.httpclient.HttpClient  - SunPCSC 1.6: Sun PC/SC provider
300  [main] DEBUG org.apache.commons.httpclient.HttpClient  - SunMSCAPI 1.6: Sun's Microsoft Crypto API provider
307  [main] DEBUG org.apache.commons.httpclient.params.DefaultHttpParams  - Set parameter http.useragent = Jakarta Commons-HttpClient/3.1
308  [main] DEBUG org.apache.commons.httpclient.params.DefaultHttpParams  - Set parameter http.protocol.version = HTTP/1.1
310  [main] DEBUG org.apache.commons.httpclient.params.DefaultHttpParams  - Set parameter http.connection-manager.class = class org.apache.commons.httpclient.SimpleHttpConnectionManager
310  [main] DEBUG org.apache.commons.httpclient.params.DefaultHttpParams  - Set parameter http.protocol.cookie-policy = default
310  [main] DEBUG org.apache.commons.httpclient.params.DefaultHttpParams  - Set parameter http.protocol.element-charset = US-ASCII
310  [main] DEBUG org.apache.commons.httpclient.params.DefaultHttpParams  - Set parameter http.protocol.content-charset = ISO-8859-1
313  [main] DEBUG org.apache.commons.httpclient.params.DefaultHttpParams  - Set parameter http.method.retry-handler = org.apache.commons.httpclient.DefaultHttpMethodRetryHandler@1f6df4c
313  [main] DEBUG org.apache.commons.httpclient.params.DefaultHttpParams  - Set parameter http.dateparser.patterns = [EEE, dd MMM yyyy HH:mm:ss zzz, EEEE, dd-MMM-yy HH:mm:ss zzz, EEE MMM d HH:mm:ss yyyy, EEE, dd-MMM-yyyy HH:mm:ss z, EEE, dd-MMM-yyyy HH-mm-ss z, EEE, dd MMM yy HH:mm:ss z, EEE dd-MMM-yyyy HH:mm:ss z, EEE dd MMM yyyy HH:mm:ss z, EEE dd-MMM-yyyy HH-mm-ss z, EEE dd-MMM-yy HH:mm:ss z, EEE dd MMM yy HH:mm:ss z, EEE,dd-MMM-yy HH:mm:ss z, EEE,dd-MMM-yyyy HH:mm:ss z, EEE, dd-MM-yyyy HH:mm:ss z]
224  [main] DEBUG org.apache.commons.httpclient.HttpClient  - Java version: 1.6.0_20
224  [main] DEBUG org.apache.commons.httpclient.HttpClient  - Java vendor: Sun Microsystems Inc.
224  [main] DEBUG org.apache.commons.httpclient.HttpClient  - Java class path: c:\msysgit\local\gooddata-cli-1.2.21-BETA;c:\msysgit\local\gooddata-cli-1.2.21-BETA\lib\axis-1.4.jar;c:\msysgit\local\gooddata-cli-1.2.21-BETA\lib\axis-jaxrpc-1.4.jar;c:\msysgit\local\gooddata-cli-1.2.21-BETA\lib\axis-saaj-1.4.jar;c:\msysgit\local\gooddata-cli-1.2.21-BETA\lib\axis-wsdl4j-1.5.1.jar;c:\msysgit\local\gooddata-cli-1.2.21-BETA\lib\commons-beanutils-1.8.0.jar;c:\msysgit\local\gooddata-cli-1.2.21-BETA\lib\commons-cli-1.2.jar;c:\msysgit\local\gooddata-cli-1.2.21-BETA\lib\commons-codec-1.3.jar;c:\msysgit\local\gooddata-cli-1.2.21-BETA\lib\commons-collections-3.2.1.jar;c:\msysgit\local\gooddata-cli-1.2.21-BETA\lib\commons-discovery-0.2.jar;c:\msysgit\local\gooddata-cli-1.2.21-BETA\lib\commons-httpclient-3.1.jar;c:\msysgit\local\gooddata-cli-1.2.21-BETA\lib\commons-io-1.4.jar;c:\msysgit\local\gooddata-cli-1.2.21-BETA\lib\commons-jexl-2.0.1.jar;c:\msysgit\local\gooddata-cli-1.2.21-BETA\lib\commons-lang-2.4.jar;c:\msysgit\local\gooddata-cli-1.2.21-BETA\lib\commons-logging-1.1.1.jar;c:\msysgit\local\gooddata-cli-1.2.21-BETA\lib\commons-net-2.0.jar;c:\msysgit\local\gooddata-cli-1.2.21-BETA\lib\derby-10.6.1.0.jar;c:\msysgit\local\gooddata-cli-1.2.21-BETA\lib\dom4j-1.6.1.jar;c:\msysgit\local\gooddata-cli-1.2.21-BETA\lib\ezmorph-1.0.6.jar;c:\msysgit\local\gooddata-cli-1.2.21-BETA\lib\gdata-java-client-1.40.0.atlassian-2.jar;c:\msysgit\local\gooddata-cli-1.2.21-BETA\lib\gooddata-cl-backend-1.2.21-BETA.jar;c:\msysgit\local\gooddata-cli-1.2.21-BETA\lib\gooddata-cl-cli-1.2.21-BETA.jar;c:\msysgit\local\gooddata-cli-1.2.21-BETA\lib\gooddata-cl-common-1.2.21-BETA.jar;c:\msysgit\local\gooddata-cli-1.2.21-BETA\lib\gooddata-cl-connector-1.2.21-BETA.jar;c:\msysgit\local\gooddata-cli-1.2.21-BETA\lib\google-collections-1.0-rc2.jar;c:\msysgit\local\gooddata-cli-1.2.21-BETA\lib\httpclient-4.0.1.jar;c:\msysgit\local\gooddata-cli-1.2.21-BETA\lib\httpcore-4.0.1.jar;c:\msysgit\local\gooddata-cli-1.2.21-BETA\lib\icu4j-4.0.1.jar;c:\msysgit\local\gooddata-cli-1.2.21-BETA\lib\jackrabbit-jcr-commons-2.1.1.jar;c:\msysgit\local\gooddata-cli-1.2.21-BETA\lib\jackrabbit-webdav-2.1.1.jar;c:\msysgit\local\gooddata-cli-1.2.21-BETA\lib\javassist-3.12.1.GA.jar;c:\msysgit\local\gooddata-cli-1.2.21-BETA\lib\jaxen-1.1.1.jar;c:\msysgit\local\gooddata-cli-1.2.21-BETA\lib\jdom-1.0.jar;c:\msysgit\local\gooddata-cli-1.2.21-BETA\lib\joda-time-1.6.jar;c:\msysgit\local\gooddata-cli-1.2.21-BETA\lib\json-lib-2.3-jdk15.jar;c:\msysgit\local\gooddata-cli-1.2.21-BETA\lib\json-simple-1.1.jar;c:\msysgit\local\gooddata-cli-1.2.21-BETA\lib\jtds-1.2.4.jar;c:\msysgit\local\gooddata-cli-1.2.21-BETA\lib\junit-4.8.1.jar;c:\msysgit\local\gooddata-cli-1.2.21-BETA\lib\log4j-1.2.16.jar;c:\msysgit\local\gooddata-cli-1.2.21-BETA\lib\mysql-connector-java-5.1.12.jar;c:\msysgit\local\gooddata-cli-1.2.21-BETA\lib\opencsv-2.1.jar;c:\msysgit\local\gooddata-cli-1.2.21-BETA\lib\postgresql-8.4-701.jdbc4.jar;c:\msysgit\local\gooddata-cli-1.2.21-BETA\lib\signpost-commonshttp4-1.2.jar;c:\msysgit\local\gooddata-cli-1.2.21-BETA\lib\signpost-core-1.2.jar;c:\msysgit\local\gooddata-cli-1.2.21-BETA\lib\slf4j-api-1.6.1.jar;c:\msysgit\local\gooddata-cli-1.2.21-BETA\lib\slf4j-log4j12-1.6.1.jar;c:\msysgit\local\gooddata-cli-1.2.21-BETA\lib\xom-1.0.jar;c:\msysgit\local\gooddata-cli-1.2.21-BETA\lib\xpp3_min-1.1.3.4.O.jar;c:\msysgit\local\gooddata-cli-1.2.21-BETA\lib\xstream-1.2.2.jar
226  [main] DEBUG org.apache.commons.httpclient.HttpClient  - Operating system name: Windows 7
226  [main] DEBUG org.apache.commons.httpclient.HttpClient  - Operating system architecture: x86
226  [main] DEBUG org.apache.commons.httpclient.HttpClient  - Operating system version: 6.1
309  [main] DEBUG org.apache.commons.httpclient.HttpClient  - SUN 1.6: SUN (DSA key/parameter generation; DSA signing; SHA-1, MD5 digests; SecureRandom; X.509 certificates; JKS keystore; PKIX CertPathValidator; PKIX CertPathBuilder; LDAP, Collection CertStores, JavaPolicy Policy; JavaLoginConfig Configuration)
309  [main] DEBUG org.apache.commons.httpclient.HttpClient  - SunRsaSign 1.5: Sun RSA signature provider
309  [main] DEBUG org.apache.commons.httpclient.HttpClient  - SunJSSE 1.6: Sun JSSE provider(PKCS12, SunX509 key/trust factories, SSLv3, TLSv1)
309  [main] DEBUG org.apache.commons.httpclient.HttpClient  - SunJCE 1.6: SunJCE Provider (implements RSA, DES, Triple DES, AES, Blowfish, ARCFOUR, RC2, PBE, Diffie-Hellman, HMAC)
309  [main] DEBUG org.apache.commons.httpclient.HttpClient  - SunJGSS 1.0: Sun (Kerberos v5, SPNEGO)
309  [main] DEBUG org.apache.commons.httpclient.HttpClient  - SunSASL 1.5: Sun SASL provider(implements client mechanisms for: DIGEST-MD5, GSSAPI, EXTERNAL, PLAIN, CRAM-MD5; server mechanisms for: DIGEST-MD5, GSSAPI, CRAM-MD5)
309  [main] DEBUG org.apache.commons.httpclient.HttpClient  - XMLDSig 1.0: XMLDSig (DOM XMLSignatureFactory; DOM KeyInfoFactory)
310  [main] DEBUG org.apache.commons.httpclient.HttpClient  - SunPCSC 1.6: Sun PC/SC provider
310  [main] DEBUG org.apache.commons.httpclient.HttpClient  - SunMSCAPI 1.6: Sun's Microsoft Crypto API provider
316  [main] DEBUG org.apache.commons.httpclient.params.DefaultHttpParams  - Set parameter http.useragent = Jakarta Commons-HttpClient/3.1
318  [main] DEBUG org.apache.commons.httpclient.params.DefaultHttpParams  - Set parameter http.protocol.version = HTTP/1.1
319  [main] DEBUG org.apache.commons.httpclient.params.DefaultHttpParams  - Set parameter http.connection-manager.class = class org.apache.commons.httpclient.SimpleHttpConnectionManager
319  [main] DEBUG org.apache.commons.httpclient.params.DefaultHttpParams  - Set parameter http.protocol.cookie-policy = default
319  [main] DEBUG org.apache.commons.httpclient.params.DefaultHttpParams  - Set parameter http.protocol.element-charset = US-ASCII
319  [main] DEBUG org.apache.commons.httpclient.params.DefaultHttpParams  - Set parameter http.protocol.content-charset = ISO-8859-1
320  [main] DEBUG org.apache.commons.httpclient.params.DefaultHttpParams  - Set parameter http.method.retry-handler = org.apache.commons.httpclient.DefaultHttpMethodRetryHandler@be0e27
322  [main] DEBUG org.apache.commons.httpclient.params.DefaultHttpParams  - Set parameter http.dateparser.patterns = [EEE, dd MMM yyyy HH:mm:ss zzz, EEEE, dd-MMM-yy HH:mm:ss zzz, EEE MMM d HH:mm:ss yyyy, EEE, dd-MMM-yyyy HH:mm:ss z, EEE, dd-MMM-yyyy HH-mm-ss z, EEE, dd MMM yy HH:mm:ss z, EEE dd-MMM-yyyy HH:mm:ss z, EEE dd MMM yyyy HH:mm:ss z, EEE dd-MMM-yyyy HH-mm-ss z, EEE dd-MMM-yy HH:mm:ss z, EEE dd MMM yy HH:mm:ss z, EEE,dd-MMM-yy HH:mm:ss z, EEE,dd-MMM-yyyy HH:mm:ss z, EEE, dd-MM-yyyy HH:mm:ss z]
178  [main] DEBUG org.apache.commons.httpclient.HttpClient  - Java version: 1.6.0_20
178  [main] DEBUG org.apache.commons.httpclient.HttpClient  - Java vendor: Sun Microsystems Inc.
178  [main] DEBUG org.apache.commons.httpclient.HttpClient  - Java class path: c:\msysgit\local\gooddata-cli-1.2.21-BETA;c:\msysgit\local\gooddata-cli-1.2.21-BETA\lib\axis-1.4.jar;c:\msysgit\local\gooddata-cli-1.2.21-BETA\lib\axis-jaxrpc-1.4.jar;c:\msysgit\local\gooddata-cli-1.2.21-BETA\lib\axis-saaj-1.4.jar;c:\msysgit\local\gooddata-cli-1.2.21-BETA\lib\axis-wsdl4j-1.5.1.jar;c:\msysgit\local\gooddata-cli-1.2.21-BETA\lib\commons-beanutils-1.8.0.jar;c:\msysgit\local\gooddata-cli-1.2.21-BETA\lib\commons-cli-1.2.jar;c:\msysgit\local\gooddata-cli-1.2.21-BETA\lib\commons-codec-1.3.jar;c:\msysgit\local\gooddata-cli-1.2.21-BETA\lib\commons-collections-3.2.1.jar;c:\msysgit\local\gooddata-cli-1.2.21-BETA\lib\commons-discovery-0.2.jar;c:\msysgit\local\gooddata-cli-1.2.21-BETA\lib\commons-httpclient-3.1.jar;c:\msysgit\local\gooddata-cli-1.2.21-BETA\lib\commons-io-1.4.jar;c:\msysgit\local\gooddata-cli-1.2.21-BETA\lib\commons-jexl-2.0.1.jar;c:\msysgit\local\gooddata-cli-1.2.21-BETA\lib\commons-lang-2.4.jar;c:\msysgit\local\gooddata-cli-1.2.21-BETA\lib\commons-logging-1.1.1.jar;c:\msysgit\local\gooddata-cli-1.2.21-BETA\lib\commons-net-2.0.jar;c:\msysgit\local\gooddata-cli-1.2.21-BETA\lib\derby-10.6.1.0.jar;c:\msysgit\local\gooddata-cli-1.2.21-BETA\lib\dom4j-1.6.1.jar;c:\msysgit\local\gooddata-cli-1.2.21-BETA\lib\ezmorph-1.0.6.jar;c:\msysgit\local\gooddata-cli-1.2.21-BETA\lib\gdata-java-client-1.40.0.atlassian-2.jar;c:\msysgit\local\gooddata-cli-1.2.21-BETA\lib\gooddata-cl-backend-1.2.21-BETA.jar;c:\msysgit\local\gooddata-cli-1.2.21-BETA\lib\gooddata-cl-cli-1.2.21-BETA.jar;c:\msysgit\local\gooddata-cli-1.2.21-BETA\lib\gooddata-cl-common-1.2.21-BETA.jar;c:\msysgit\local\gooddata-cli-1.2.21-BETA\lib\gooddata-cl-connector-1.2.21-BETA.jar;c:\msysgit\local\gooddata-cli-1.2.21-BETA\lib\google-collections-1.0-rc2.jar;c:\msysgit\local\gooddata-cli-1.2.21-BETA\lib\httpclient-4.0.1.jar;c:\msysgit\local\gooddata-cli-1.2.21-BETA\lib\httpcore-4.0.1.jar;c:\msysgit\local\gooddata-cli-1.2.21-BETA\lib\icu4j-4.0.1.jar;c:\msysgit\local\gooddata-cli-1.2.21-BETA\lib\jackrabbit-jcr-commons-2.1.1.jar;c:\msysgit\local\gooddata-cli-1.2.21-BETA\lib\jackrabbit-webdav-2.1.1.jar;c:\msysgit\local\gooddata-cli-1.2.21-BETA\lib\javassist-3.12.1.GA.jar;c:\msysgit\local\gooddata-cli-1.2.21-BETA\lib\jaxen-1.1.1.jar;c:\msysgit\local\gooddata-cli-1.2.21-BETA\lib\jdom-1.0.jar;c:\msysgit\local\gooddata-cli-1.2.21-BETA\lib\joda-time-1.6.jar;c:\msysgit\local\gooddata-cli-1.2.21-BETA\lib\json-lib-2.3-jdk15.jar;c:\msysgit\local\gooddata-cli-1.2.21-BETA\lib\json-simple-1.1.jar;c:\msysgit\local\gooddata-cli-1.2.21-BETA\lib\jtds-1.2.4.jar;c:\msysgit\local\gooddata-cli-1.2.21-BETA\lib\junit-4.8.1.jar;c:\msysgit\local\gooddata-cli-1.2.21-BETA\lib\log4j-1.2.16.jar;c:\msysgit\local\gooddata-cli-1.2.21-BETA\lib\mysql-connector-java-5.1.12.jar;c:\msysgit\local\gooddata-cli-1.2.21-BETA\lib\opencsv-2.1.jar;c:\msysgit\local\gooddata-cli-1.2.21-BETA\lib\postgresql-8.4-701.jdbc4.jar;c:\msysgit\local\gooddata-cli-1.2.21-BETA\lib\signpost-commonshttp4-1.2.jar;c:\msysgit\local\gooddata-cli-1.2.21-BETA\lib\signpost-core-1.2.jar;c:\msysgit\local\gooddata-cli-1.2.21-BETA\lib\slf4j-api-1.6.1.jar;c:\msysgit\local\gooddata-cli-1.2.21-BETA\lib\slf4j-log4j12-1.6.1.jar;c:\msysgit\local\gooddata-cli-1.2.21-BETA\lib\xom-1.0.jar;c:\msysgit\local\gooddata-cli-1.2.21-BETA\lib\xpp3_min-1.1.3.4.O.jar;c:\msysgit\local\gooddata-cli-1.2.21-BETA\lib\xstream-1.2.2.jar
180  [main] DEBUG org.apache.commons.httpclient.HttpClient  - Operating system name: Windows 7
180  [main] DEBUG org.apache.commons.httpclient.HttpClient  - Operating system architecture: x86
180  [main] DEBUG org.apache.commons.httpclient.HttpClient  - Operating system version: 6.1
250  [main] DEBUG org.apache.commons.httpclient.HttpClient  - SUN 1.6: SUN (DSA key/parameter generation; DSA signing; SHA-1, MD5 digests; SecureRandom; X.509 certificates; JKS keystore; PKIX CertPathValidator; PKIX CertPathBuilder; LDAP, Collection CertStores, JavaPolicy Policy; JavaLoginConfig Configuration)
250  [main] DEBUG org.apache.commons.httpclient.HttpClient  - SunRsaSign 1.5: Sun RSA signature provider
250  [main] DEBUG org.apache.commons.httpclient.HttpClient  - SunJSSE 1.6: Sun JSSE provider(PKCS12, SunX509 key/trust factories, SSLv3, TLSv1)
250  [main] DEBUG org.apache.commons.httpclient.HttpClient  - SunJCE 1.6: SunJCE Provider (implements RSA, DES, Triple DES, AES, Blowfish, ARCFOUR, RC2, PBE, Diffie-Hellman, HMAC)
250  [main] DEBUG org.apache.commons.httpclient.HttpClient  - SunJGSS 1.0: Sun (Kerberos v5, SPNEGO)
250  [main] DEBUG org.apache.commons.httpclient.HttpClient  - SunSASL 1.5: Sun SASL provider(implements client mechanisms for: DIGEST-MD5, GSSAPI, EXTERNAL, PLAIN, CRAM-MD5; server mechanisms for: DIGEST-MD5, GSSAPI, CRAM-MD5)
250  [main] DEBUG org.apache.commons.httpclient.HttpClient  - XMLDSig 1.0: XMLDSig (DOM XMLSignatureFactory; DOM KeyInfoFactory)
250  [main] DEBUG org.apache.commons.httpclient.HttpClient  - SunPCSC 1.6: Sun PC/SC provider
250  [main] DEBUG org.apache.commons.httpclient.HttpClient  - SunMSCAPI 1.6: Sun's Microsoft Crypto API provider
255  [main] DEBUG org.apache.commons.httpclient.params.DefaultHttpParams  - Set parameter http.useragent = Jakarta Commons-HttpClient/3.1
256  [main] DEBUG org.apache.commons.httpclient.params.DefaultHttpParams  - Set parameter http.protocol.version = HTTP/1.1
258  [main] DEBUG org.apache.commons.httpclient.params.DefaultHttpParams  - Set parameter http.connection-manager.class = class org.apache.commons.httpclient.SimpleHttpConnectionManager
258  [main] DEBUG org.apache.commons.httpclient.params.DefaultHttpParams  - Set parameter http.protocol.cookie-policy = default
258  [main] DEBUG org.apache.commons.httpclient.params.DefaultHttpParams  - Set parameter http.protocol.element-charset = US-ASCII
258  [main] DEBUG org.apache.commons.httpclient.params.DefaultHttpParams  - Set parameter http.protocol.content-charset = ISO-8859-1
259  [main] DEBUG org.apache.commons.httpclient.params.DefaultHttpParams  - Set parameter http.method.retry-handler = org.apache.commons.httpclient.DefaultHttpMethodRetryHandler@5973ea
259  [main] DEBUG org.apache.commons.httpclient.params.DefaultHttpParams  - Set parameter http.dateparser.patterns = [EEE, dd MMM yyyy HH:mm:ss zzz, EEEE, dd-MMM-yy HH:mm:ss zzz, EEE MMM d HH:mm:ss yyyy, EEE, dd-MMM-yyyy HH:mm:ss z, EEE, dd-MMM-yyyy HH-mm-ss z, EEE, dd MMM yy HH:mm:ss z, EEE dd-MMM-yyyy HH:mm:ss z, EEE dd MMM yyyy HH:mm:ss z, EEE dd-MMM-yyyy HH-mm-ss z, EEE dd-MMM-yy HH:mm:ss z, EEE dd MMM yy HH:mm:ss z, EEE,dd-MMM-yy HH:mm:ss z, EEE,dd-MMM-yyyy HH:mm:ss z, EEE, dd-MM-yyyy HH:mm:ss z]
181  [main] DEBUG org.apache.commons.httpclient.HttpClient  - Java version: 1.6.0_20
181  [main] DEBUG org.apache.commons.httpclient.HttpClient  - Java vendor: Sun Microsystems Inc.
181  [main] DEBUG org.apache.commons.httpclient.HttpClient  - Java class path: c:\msysgit\local\gooddata-cli-1.2.21-BETA;c:\msysgit\local\gooddata-cli-1.2.21-BETA\lib\axis-1.4.jar;c:\msysgit\local\gooddata-cli-1.2.21-BETA\lib\axis-jaxrpc-1.4.jar;c:\msysgit\local\gooddata-cli-1.2.21-BETA\lib\axis-saaj-1.4.jar;c:\msysgit\local\gooddata-cli-1.2.21-BETA\lib\axis-wsdl4j-1.5.1.jar;c:\msysgit\local\gooddata-cli-1.2.21-BETA\lib\commons-beanutils-1.8.0.jar;c:\msysgit\local\gooddata-cli-1.2.21-BETA\lib\commons-cli-1.2.jar;c:\msysgit\local\gooddata-cli-1.2.21-BETA\lib\commons-codec-1.3.jar;c:\msysgit\local\gooddata-cli-1.2.21-BETA\lib\commons-collections-3.2.1.jar;c:\msysgit\local\gooddata-cli-1.2.21-BETA\lib\commons-discovery-0.2.jar;c:\msysgit\local\gooddata-cli-1.2.21-BETA\lib\commons-httpclient-3.1.jar;c:\msysgit\local\gooddata-cli-1.2.21-BETA\lib\commons-io-1.4.jar;c:\msysgit\local\gooddata-cli-1.2.21-BETA\lib\commons-jexl-2.0.1.jar;c:\msysgit\local\gooddata-cli-1.2.21-BETA\lib\commons-lang-2.4.jar;c:\msysgit\local\gooddata-cli-1.2.21-BETA\lib\commons-logging-1.1.1.jar;c:\msysgit\local\gooddata-cli-1.2.21-BETA\lib\commons-net-2.0.jar;c:\msysgit\local\gooddata-cli-1.2.21-BETA\lib\derby-10.6.1.0.jar;c:\msysgit\local\gooddata-cli-1.2.21-BETA\lib\dom4j-1.6.1.jar;c:\msysgit\local\gooddata-cli-1.2.21-BETA\lib\ezmorph-1.0.6.jar;c:\msysgit\local\gooddata-cli-1.2.21-BETA\lib\gdata-java-client-1.40.0.atlassian-2.jar;c:\msysgit\local\gooddata-cli-1.2.21-BETA\lib\gooddata-cl-backend-1.2.21-BETA.jar;c:\msysgit\local\gooddata-cli-1.2.21-BETA\lib\gooddata-cl-cli-1.2.21-BETA.jar;c:\msysgit\local\gooddata-cli-1.2.21-BETA\lib\gooddata-cl-common-1.2.21-BETA.jar;c:\msysgit\local\gooddata-cli-1.2.21-BETA\lib\gooddata-cl-connector-1.2.21-BETA.jar;c:\msysgit\local\gooddata-cli-1.2.21-BETA\lib\google-collections-1.0-rc2.jar;c:\msysgit\local\gooddata-cli-1.2.21-BETA\lib\httpclient-4.0.1.jar;c:\msysgit\local\gooddata-cli-1.2.21-BETA\lib\httpcore-4.0.1.jar;c:\msysgit\local\gooddata-cli-1.2.21-BETA\lib\icu4j-4.0.1.jar;c:\msysgit\local\gooddata-cli-1.2.21-BETA\lib\jackrabbit-jcr-commons-2.1.1.jar;c:\msysgit\local\gooddata-cli-1.2.21-BETA\lib\jackrabbit-webdav-2.1.1.jar;c:\msysgit\local\gooddata-cli-1.2.21-BETA\lib\javassist-3.12.1.GA.jar;c:\msysgit\local\gooddata-cli-1.2.21-BETA\lib\jaxen-1.1.1.jar;c:\msysgit\local\gooddata-cli-1.2.21-BETA\lib\jdom-1.0.jar;c:\msysgit\local\gooddata-cli-1.2.21-BETA\lib\joda-time-1.6.jar;c:\msysgit\local\gooddata-cli-1.2.21-BETA\lib\json-lib-2.3-jdk15.jar;c:\msysgit\local\gooddata-cli-1.2.21-BETA\lib\json-simple-1.1.jar;c:\msysgit\local\gooddata-cli-1.2.21-BETA\lib\jtds-1.2.4.jar;c:\msysgit\local\gooddata-cli-1.2.21-BETA\lib\junit-4.8.1.jar;c:\msysgit\local\gooddata-cli-1.2.21-BETA\lib\log4j-1.2.16.jar;c:\msysgit\local\gooddata-cli-1.2.21-BETA\lib\mysql-connector-java-5.1.12.jar;c:\msysgit\local\gooddata-cli-1.2.21-BETA\lib\opencsv-2.1.jar;c:\msysgit\local\gooddata-cli-1.2.21-BETA\lib\postgresql-8.4-701.jdbc4.jar;c:\msysgit\local\gooddata-cli-1.2.21-BETA\lib\signpost-commonshttp4-1.2.jar;c:\msysgit\local\gooddata-cli-1.2.21-BETA\lib\signpost-core-1.2.jar;c:\msysgit\local\gooddata-cli-1.2.21-BETA\lib\slf4j-api-1.6.1.jar;c:\msysgit\local\gooddata-cli-1.2.21-BETA\lib\slf4j-log4j12-1.6.1.jar;c:\msysgit\local\gooddata-cli-1.2.21-BETA\lib\xom-1.0.jar;c:\msysgit\local\gooddata-cli-1.2.21-BETA\lib\xpp3_min-1.1.3.4.O.jar;c:\msysgit\local\gooddata-cli-1.2.21-BETA\lib\xstream-1.2.2.jar
183  [main] DEBUG org.apache.commons.httpclient.HttpClient  - Operating system name: Windows 7
183  [main] DEBUG org.apache.commons.httpclient.HttpClient  - Operating system architecture: x86
183  [main] DEBUG org.apache.commons.httpclient.HttpClient  - Operating system version: 6.1
254  [main] DEBUG org.apache.commons.httpclient.HttpClient  - SUN 1.6: SUN (DSA key/parameter generation; DSA signing; SHA-1, MD5 digests; SecureRandom; X.509 certificates; JKS keystore; PKIX CertPathValidator; PKIX CertPathBuilder; LDAP, Collection CertStores, JavaPolicy Policy; JavaLoginConfig Configuration)
254  [main] DEBUG org.apache.commons.httpclient.HttpClient  - SunRsaSign 1.5: Sun RSA signature provider
254  [main] DEBUG org.apache.commons.httpclient.HttpClient  - SunJSSE 1.6: Sun JSSE provider(PKCS12, SunX509 key/trust factories, SSLv3, TLSv1)
254  [main] DEBUG org.apache.commons.httpclient.HttpClient  - SunJCE 1.6: SunJCE Provider (implements RSA, DES, Triple DES, AES, Blowfish, ARCFOUR, RC2, PBE, Diffie-Hellman, HMAC)
255  [main] DEBUG org.apache.commons.httpclient.HttpClient  - SunJGSS 1.0: Sun (Kerberos v5, SPNEGO)
255  [main] DEBUG org.apache.commons.httpclient.HttpClient  - SunSASL 1.5: Sun SASL provider(implements client mechanisms for: DIGEST-MD5, GSSAPI, EXTERNAL, PLAIN, CRAM-MD5; server mechanisms for: DIGEST-MD5, GSSAPI, CRAM-MD5)
255  [main] DEBUG org.apache.commons.httpclient.HttpClient  - XMLDSig 1.0: XMLDSig (DOM XMLSignatureFactory; DOM KeyInfoFactory)
255  [main] DEBUG org.apache.commons.httpclient.HttpClient  - SunPCSC 1.6: Sun PC/SC provider
255  [main] DEBUG org.apache.commons.httpclient.HttpClient  - SunMSCAPI 1.6: Sun's Microsoft Crypto API provider
260  [main] DEBUG org.apache.commons.httpclient.params.DefaultHttpParams  - Set parameter http.useragent = Jakarta Commons-HttpClient/3.1
261  [main] DEBUG org.apache.commons.httpclient.params.DefaultHttpParams  - Set parameter http.protocol.version = HTTP/1.1
263  [main] DEBUG org.apache.commons.httpclient.params.DefaultHttpParams  - Set parameter http.connection-manager.class = class org.apache.commons.httpclient.SimpleHttpConnectionManager
263  [main] DEBUG org.apache.commons.httpclient.params.DefaultHttpParams  - Set parameter http.protocol.cookie-policy = default
263  [main] DEBUG org.apache.commons.httpclient.params.DefaultHttpParams  - Set parameter http.protocol.element-charset = US-ASCII
263  [main] DEBUG org.apache.commons.httpclient.params.DefaultHttpParams  - Set parameter http.protocol.content-charset = ISO-8859-1
265  [main] DEBUG org.apache.commons.httpclient.params.DefaultHttpParams  - Set parameter http.method.retry-handler = org.apache.commons.httpclient.DefaultHttpMethodRetryHandler@5973ea
265  [main] DEBUG org.apache.commons.httpclient.params.DefaultHttpParams  - Set parameter http.dateparser.patterns = [EEE, dd MMM yyyy HH:mm:ss zzz, EEEE, dd-MMM-yy HH:mm:ss zzz, EEE MMM d HH:mm:ss yyyy, EEE, dd-MMM-yyyy HH:mm:ss z, EEE, dd-MMM-yyyy HH-mm-ss z, EEE, dd MMM yy HH:mm:ss z, EEE dd-MMM-yyyy HH:mm:ss z, EEE dd MMM yyyy HH:mm:ss z, EEE dd-MMM-yyyy HH-mm-ss z, EEE dd-MMM-yy HH:mm:ss z, EEE dd MMM yy HH:mm:ss z, EEE,dd-MMM-yy HH:mm:ss z, EEE,dd-MMM-yyyy HH:mm:ss z, EEE, dd-MM-yyyy HH:mm:ss z]
228  [main] DEBUG org.apache.commons.httpclient.HttpClient  - Java version: 1.6.0_20
229  [main] DEBUG org.apache.commons.httpclient.HttpClient  - Java vendor: Sun Microsystems Inc.
229  [main] DEBUG org.apache.commons.httpclient.HttpClient  - Java class path: c:\msysgit\local\gooddata-cli-1.2.21-BETA;c:\msysgit\local\gooddata-cli-1.2.21-BETA\lib\axis-1.4.jar;c:\msysgit\local\gooddata-cli-1.2.21-BETA\lib\axis-jaxrpc-1.4.jar;c:\msysgit\local\gooddata-cli-1.2.21-BETA\lib\axis-saaj-1.4.jar;c:\msysgit\local\gooddata-cli-1.2.21-BETA\lib\axis-wsdl4j-1.5.1.jar;c:\msysgit\local\gooddata-cli-1.2.21-BETA\lib\commons-beanutils-1.8.0.jar;c:\msysgit\local\gooddata-cli-1.2.21-BETA\lib\commons-cli-1.2.jar;c:\msysgit\local\gooddata-cli-1.2.21-BETA\lib\commons-codec-1.3.jar;c:\msysgit\local\gooddata-cli-1.2.21-BETA\lib\commons-collections-3.2.1.jar;c:\msysgit\local\gooddata-cli-1.2.21-BETA\lib\commons-discovery-0.2.jar;c:\msysgit\local\gooddata-cli-1.2.21-BETA\lib\commons-httpclient-3.1.jar;c:\msysgit\local\gooddata-cli-1.2.21-BETA\lib\commons-io-1.4.jar;c:\msysgit\local\gooddata-cli-1.2.21-BETA\lib\commons-jexl-2.0.1.jar;c:\msysgit\local\gooddata-cli-1.2.21-BETA\lib\commons-lang-2.4.jar;c:\msysgit\local\gooddata-cli-1.2.21-BETA\lib\commons-logging-1.1.1.jar;c:\msysgit\local\gooddata-cli-1.2.21-BETA\lib\commons-net-2.0.jar;c:\msysgit\local\gooddata-cli-1.2.21-BETA\lib\derby-10.6.1.0.jar;c:\msysgit\local\gooddata-cli-1.2.21-BETA\lib\dom4j-1.6.1.jar;c:\msysgit\local\gooddata-cli-1.2.21-BETA\lib\ezmorph-1.0.6.jar;c:\msysgit\local\gooddata-cli-1.2.21-BETA\lib\gdata-java-client-1.40.0.atlassian-2.jar;c:\msysgit\local\gooddata-cli-1.2.21-BETA\lib\gooddata-cl-backend-1.2.21-BETA.jar;c:\msysgit\local\gooddata-cli-1.2.21-BETA\lib\gooddata-cl-cli-1.2.21-BETA.jar;c:\msysgit\local\gooddata-cli-1.2.21-BETA\lib\gooddata-cl-common-1.2.21-BETA.jar;c:\msysgit\local\gooddata-cli-1.2.21-BETA\lib\gooddata-cl-connector-1.2.21-BETA.jar;c:\msysgit\local\gooddata-cli-1.2.21-BETA\lib\google-collections-1.0-rc2.jar;c:\msysgit\local\gooddata-cli-1.2.21-BETA\lib\httpclient-4.0.1.jar;c:\msysgit\local\gooddata-cli-1.2.21-BETA\lib\httpcore-4.0.1.jar;c:\msysgit\local\gooddata-cli-1.2.21-BETA\lib\icu4j-4.0.1.jar;c:\msysgit\local\gooddata-cli-1.2.21-BETA\lib\jackrabbit-jcr-commons-2.1.1.jar;c:\msysgit\local\gooddata-cli-1.2.21-BETA\lib\jackrabbit-webdav-2.1.1.jar;c:\msysgit\local\gooddata-cli-1.2.21-BETA\lib\javassist-3.12.1.GA.jar;c:\msysgit\local\gooddata-cli-1.2.21-BETA\lib\jaxen-1.1.1.jar;c:\msysgit\local\gooddata-cli-1.2.21-BETA\lib\jdom-1.0.jar;c:\msysgit\local\gooddata-cli-1.2.21-BETA\lib\joda-time-1.6.jar;c:\msysgit\local\gooddata-cli-1.2.21-BETA\lib\json-lib-2.3-jdk15.jar;c:\msysgit\local\gooddata-cli-1.2.21-BETA\lib\json-simple-1.1.jar;c:\msysgit\local\gooddata-cli-1.2.21-BETA\lib\jtds-1.2.4.jar;c:\msysgit\local\gooddata-cli-1.2.21-BETA\lib\junit-4.8.1.jar;c:\msysgit\local\gooddata-cli-1.2.21-BETA\lib\log4j-1.2.16.jar;c:\msysgit\local\gooddata-cli-1.2.21-BETA\lib\mysql-connector-java-5.1.12.jar;c:\msysgit\local\gooddata-cli-1.2.21-BETA\lib\opencsv-2.1.jar;c:\msysgit\local\gooddata-cli-1.2.21-BETA\lib\postgresql-8.4-701.jdbc4.jar;c:\msysgit\local\gooddata-cli-1.2.21-BETA\lib\signpost-commonshttp4-1.2.jar;c:\msysgit\local\gooddata-cli-1.2.21-BETA\lib\signpost-core-1.2.jar;c:\msysgit\local\gooddata-cli-1.2.21-BETA\lib\slf4j-api-1.6.1.jar;c:\msysgit\local\gooddata-cli-1.2.21-BETA\lib\slf4j-log4j12-1.6.1.jar;c:\msysgit\local\gooddata-cli-1.2.21-BETA\lib\xom-1.0.jar;c:\msysgit\local\gooddata-cli-1.2.21-BETA\lib\xpp3_min-1.1.3.4.O.jar;c:\msysgit\local\gooddata-cli-1.2.21-BETA\lib\xstream-1.2.2.jar
231  [main] DEBUG org.apache.commons.httpclient.HttpClient  - Operating system name: Windows 7
231  [main] DEBUG org.apache.commons.httpclient.HttpClient  - Operating system architecture: x86
231  [main] DEBUG org.apache.commons.httpclient.HttpClient  - Operating system version: 6.1
324  [main] DEBUG org.apache.commons.httpclient.HttpClient  - SUN 1.6: SUN (DSA key/parameter generation; DSA signing; SHA-1, MD5 digests; SecureRandom; X.509 certificates; JKS keystore; PKIX CertPathValidator; PKIX CertPathBuilder; LDAP, Collection CertStores, JavaPolicy Policy; JavaLoginConfig Configuration)
325  [main] DEBUG org.apache.commons.httpclient.HttpClient  - SunRsaSign 1.5: Sun RSA signature provider
325  [main] DEBUG org.apache.commons.httpclient.HttpClient  - SunJSSE 1.6: Sun JSSE provider(PKCS12, SunX509 key/trust factories, SSLv3, TLSv1)
325  [main] DEBUG org.apache.commons.httpclient.HttpClient  - SunJCE 1.6: SunJCE Provider (implements RSA, DES, Triple DES, AES, Blowfish, ARCFOUR, RC2, PBE, Diffie-Hellman, HMAC)
325  [main] DEBUG org.apache.commons.httpclient.HttpClient  - SunJGSS 1.0: Sun (Kerberos v5, SPNEGO)
325  [main] DEBUG org.apache.commons.httpclient.HttpClient  - SunSASL 1.5: Sun SASL provider(implements client mechanisms for: DIGEST-MD5, GSSAPI, EXTERNAL, PLAIN, CRAM-MD5; server mechanisms for: DIGEST-MD5, GSSAPI, CRAM-MD5)
325  [main] DEBUG org.apache.commons.httpclient.HttpClient  - XMLDSig 1.0: XMLDSig (DOM XMLSignatureFactory; DOM KeyInfoFactory)
325  [main] DEBUG org.apache.commons.httpclient.HttpClient  - SunPCSC 1.6: Sun PC/SC provider
325  [main] DEBUG org.apache.commons.httpclient.HttpClient  - SunMSCAPI 1.6: Sun's Microsoft Crypto API provider
331  [main] DEBUG org.apache.commons.httpclient.params.DefaultHttpParams  - Set parameter http.useragent = Jakarta Commons-HttpClient/3.1
332  [main] DEBUG org.apache.commons.httpclient.params.DefaultHttpParams  - Set parameter http.protocol.version = HTTP/1.1
335  [main] DEBUG org.apache.commons.httpclient.params.DefaultHttpParams  - Set parameter http.connection-manager.class = class org.apache.commons.httpclient.SimpleHttpConnectionManager
335  [main] DEBUG org.apache.commons.httpclient.params.DefaultHttpParams  - Set parameter http.protocol.cookie-policy = default
335  [main] DEBUG org.apache.commons.httpclient.params.DefaultHttpParams  - Set parameter http.protocol.element-charset = US-ASCII
335  [main] DEBUG org.apache.commons.httpclient.params.DefaultHttpParams  - Set parameter http.protocol.content-charset = ISO-8859-1
336  [main] DEBUG org.apache.commons.httpclient.params.DefaultHttpParams  - Set parameter http.method.retry-handler = org.apache.commons.httpclient.DefaultHttpMethodRetryHandler@c9131c
337  [main] DEBUG org.apache.commons.httpclient.params.DefaultHttpParams  - Set parameter http.dateparser.patterns = [EEE, dd MMM yyyy HH:mm:ss zzz, EEEE, dd-MMM-yy HH:mm:ss zzz, EEE MMM d HH:mm:ss yyyy, EEE, dd-MMM-yyyy HH:mm:ss z, EEE, dd-MMM-yyyy HH-mm-ss z, EEE, dd MMM yy HH:mm:ss z, EEE dd-MMM-yyyy HH:mm:ss z, EEE dd MMM yyyy HH:mm:ss z, EEE dd-MMM-yyyy HH-mm-ss z, EEE dd-MMM-yy HH:mm:ss z, EEE dd MMM yy HH:mm:ss z, EEE,dd-MMM-yy HH:mm:ss z, EEE,dd-MMM-yyyy HH:mm:ss z, EEE, dd-MM-yyyy HH:mm:ss z]
233  [main] DEBUG org.apache.commons.httpclient.HttpClient  - Java version: 1.6.0_20
233  [main] DEBUG org.apache.commons.httpclient.HttpClient  - Java vendor: Sun Microsystems Inc.
234  [main] DEBUG org.apache.commons.httpclient.HttpClient  - Java class path: c:\msysgit\local\gooddata-cli-1.2.21-BETA;c:\msysgit\local\gooddata-cli-1.2.21-BETA\lib\axis-1.4.jar;c:\msysgit\local\gooddata-cli-1.2.21-BETA\lib\axis-jaxrpc-1.4.jar;c:\msysgit\local\gooddata-cli-1.2.21-BETA\lib\axis-saaj-1.4.jar;c:\msysgit\local\gooddata-cli-1.2.21-BETA\lib\axis-wsdl4j-1.5.1.jar;c:\msysgit\local\gooddata-cli-1.2.21-BETA\lib\commons-beanutils-1.8.0.jar;c:\msysgit\local\gooddata-cli-1.2.21-BETA\lib\commons-cli-1.2.jar;c:\msysgit\local\gooddata-cli-1.2.21-BETA\lib\commons-codec-1.3.jar;c:\msysgit\local\gooddata-cli-1.2.21-BETA\lib\commons-collections-3.2.1.jar;c:\msysgit\local\gooddata-cli-1.2.21-BETA\lib\commons-discovery-0.2.jar;c:\msysgit\local\gooddata-cli-1.2.21-BETA\lib\commons-httpclient-3.1.jar;c:\msysgit\local\gooddata-cli-1.2.21-BETA\lib\commons-io-1.4.jar;c:\msysgit\local\gooddata-cli-1.2.21-BETA\lib\commons-jexl-2.0.1.jar;c:\msysgit\local\gooddata-cli-1.2.21-BETA\lib\commons-lang-2.4.jar;c:\msysgit\local\gooddata-cli-1.2.21-BETA\lib\commons-logging-1.1.1.jar;c:\msysgit\local\gooddata-cli-1.2.21-BETA\lib\commons-net-2.0.jar;c:\msysgit\local\gooddata-cli-1.2.21-BETA\lib\derby-10.6.1.0.jar;c:\msysgit\local\gooddata-cli-1.2.21-BETA\lib\dom4j-1.6.1.jar;c:\msysgit\local\gooddata-cli-1.2.21-BETA\lib\ezmorph-1.0.6.jar;c:\msysgit\local\gooddata-cli-1.2.21-BETA\lib\gdata-java-client-1.40.0.atlassian-2.jar;c:\msysgit\local\gooddata-cli-1.2.21-BETA\lib\gooddata-cl-backend-1.2.21-BETA.jar;c:\msysgit\local\gooddata-cli-1.2.21-BETA\lib\gooddata-cl-cli-1.2.21-BETA.jar;c:\msysgit\local\gooddata-cli-1.2.21-BETA\lib\gooddata-cl-common-1.2.21-BETA.jar;c:\msysgit\local\gooddata-cli-1.2.21-BETA\lib\gooddata-cl-connector-1.2.21-BETA.jar;c:\msysgit\local\gooddata-cli-1.2.21-BETA\lib\google-collections-1.0-rc2.jar;c:\msysgit\local\gooddata-cli-1.2.21-BETA\lib\httpclient-4.0.1.jar;c:\msysgit\local\gooddata-cli-1.2.21-BETA\lib\httpcore-4.0.1.jar;c:\msysgit\local\gooddata-cli-1.2.21-BETA\lib\icu4j-4.0.1.jar;c:\msysgit\local\gooddata-cli-1.2.21-BETA\lib\jackrabbit-jcr-commons-2.1.1.jar;c:\msysgit\local\gooddata-cli-1.2.21-BETA\lib\jackrabbit-webdav-2.1.1.jar;c:\msysgit\local\gooddata-cli-1.2.21-BETA\lib\javassist-3.12.1.GA.jar;c:\msysgit\local\gooddata-cli-1.2.21-BETA\lib\jaxen-1.1.1.jar;c:\msysgit\local\gooddata-cli-1.2.21-BETA\lib\jdom-1.0.jar;c:\msysgit\local\gooddata-cli-1.2.21-BETA\lib\joda-time-1.6.jar;c:\msysgit\local\gooddata-cli-1.2.21-BETA\lib\json-lib-2.3-jdk15.jar;c:\msysgit\local\gooddata-cli-1.2.21-BETA\lib\json-simple-1.1.jar;c:\msysgit\local\gooddata-cli-1.2.21-BETA\lib\jtds-1.2.4.jar;c:\msysgit\local\gooddata-cli-1.2.21-BETA\lib\junit-4.8.1.jar;c:\msysgit\local\gooddata-cli-1.2.21-BETA\lib\log4j-1.2.16.jar;c:\msysgit\local\gooddata-cli-1.2.21-BETA\lib\mysql-connector-java-5.1.12.jar;c:\msysgit\local\gooddata-cli-1.2.21-BETA\lib\opencsv-2.1.jar;c:\msysgit\local\gooddata-cli-1.2.21-BETA\lib\postgresql-8.4-701.jdbc4.jar;c:\msysgit\local\gooddata-cli-1.2.21-BETA\lib\signpost-commonshttp4-1.2.jar;c:\msysgit\local\gooddata-cli-1.2.21-BETA\lib\signpost-core-1.2.jar;c:\msysgit\local\gooddata-cli-1.2.21-BETA\lib\slf4j-api-1.6.1.jar;c:\msysgit\local\gooddata-cli-1.2.21-BETA\lib\slf4j-log4j12-1.6.1.jar;c:\msysgit\local\gooddata-cli-1.2.21-BETA\lib\xom-1.0.jar;c:\msysgit\local\gooddata-cli-1.2.21-BETA\lib\xpp3_min-1.1.3.4.O.jar;c:\msysgit\local\gooddata-cli-1.2.21-BETA\lib\xstream-1.2.2.jar
235  [main] DEBUG org.apache.commons.httpclient.HttpClient  - Operating system name: Windows 7
236  [main] DEBUG org.apache.commons.httpclient.HttpClient  - Operating system architecture: x86
236  [main] DEBUG org.apache.commons.httpclient.HttpClient  - Operating system version: 6.1
329  [main] DEBUG org.apache.commons.httpclient.HttpClient  - SUN 1.6: SUN (DSA key/parameter generation; DSA signing; SHA-1, MD5 digests; SecureRandom; X.509 certificates; JKS keystore; PKIX CertPathValidator; PKIX CertPathBuilder; LDAP, Collection CertStores, JavaPolicy Policy; JavaLoginConfig Configuration)
329  [main] DEBUG org.apache.commons.httpclient.HttpClient  - SunRsaSign 1.5: Sun RSA signature provider
330  [main] DEBUG org.apache.commons.httpclient.HttpClient  - SunJSSE 1.6: Sun JSSE provider(PKCS12, SunX509 key/trust factories, SSLv3, TLSv1)
330  [main] DEBUG org.apache.commons.httpclient.HttpClient  - SunJCE 1.6: SunJCE Provider (implements RSA, DES, Triple DES, AES, Blowfish, ARCFOUR, RC2, PBE, Diffie-Hellman, HMAC)
330  [main] DEBUG org.apache.commons.httpclient.HttpClient  - SunJGSS 1.0: Sun (Kerberos v5, SPNEGO)
330  [main] DEBUG org.apache.commons.httpclient.HttpClient  - SunSASL 1.5: Sun SASL provider(implements client mechanisms for: DIGEST-MD5, GSSAPI, EXTERNAL, PLAIN, CRAM-MD5; server mechanisms for: DIGEST-MD5, GSSAPI, CRAM-MD5)
330  [main] DEBUG org.apache.commons.httpclient.HttpClient  - XMLDSig 1.0: XMLDSig (DOM XMLSignatureFactory; DOM KeyInfoFactory)
330  [main] DEBUG org.apache.commons.httpclient.HttpClient  - SunPCSC 1.6: Sun PC/SC provider
330  [main] DEBUG org.apache.commons.httpclient.HttpClient  - SunMSCAPI 1.6: Sun's Microsoft Crypto API provider
335  [main] DEBUG org.apache.commons.httpclient.params.DefaultHttpParams  - Set parameter http.useragent = Jakarta Commons-HttpClient/3.1
338  [main] DEBUG org.apache.commons.httpclient.params.DefaultHttpParams  - Set parameter http.protocol.version = HTTP/1.1
340  [main] DEBUG org.apache.commons.httpclient.params.DefaultHttpParams  - Set parameter http.connection-manager.class = class org.apache.commons.httpclient.SimpleHttpConnectionManager
340  [main] DEBUG org.apache.commons.httpclient.params.DefaultHttpParams  - Set parameter http.protocol.cookie-policy = default
340  [main] DEBUG org.apache.commons.httpclient.params.DefaultHttpParams  - Set parameter http.protocol.element-charset = US-ASCII
340  [main] DEBUG org.apache.commons.httpclient.params.DefaultHttpParams  - Set parameter http.protocol.content-charset = ISO-8859-1
342  [main] DEBUG org.apache.commons.httpclient.params.DefaultHttpParams  - Set parameter http.method.retry-handler = org.apache.commons.httpclient.DefaultHttpMethodRetryHandler@5973ea
342  [main] DEBUG org.apache.commons.httpclient.params.DefaultHttpParams  - Set parameter http.dateparser.patterns = [EEE, dd MMM yyyy HH:mm:ss zzz, EEEE, dd-MMM-yy HH:mm:ss zzz, EEE MMM d HH:mm:ss yyyy, EEE, dd-MMM-yyyy HH:mm:ss z, EEE, dd-MMM-yyyy HH-mm-ss z, EEE, dd MMM yy HH:mm:ss z, EEE dd-MMM-yyyy HH:mm:ss z, EEE dd MMM yyyy HH:mm:ss z, EEE dd-MMM-yyyy HH-mm-ss z, EEE dd-MMM-yy HH:mm:ss z, EEE dd MMM yy HH:mm:ss z, EEE,dd-MMM-yy HH:mm:ss z, EEE,dd-MMM-yyyy HH:mm:ss z, EEE, dd-MM-yyyy HH:mm:ss z]
224  [main] DEBUG org.apache.commons.httpclient.HttpClient  - Java version: 1.6.0_20
224  [main] DEBUG org.apache.commons.httpclient.HttpClient  - Java vendor: Sun Microsystems Inc.
224  [main] DEBUG org.apache.commons.httpclient.HttpClient  - Java class path: c:\msysgit\local\gooddata-cli-1.2.21-BETA;c:\msysgit\local\gooddata-cli-1.2.21-BETA\lib\axis-1.4.jar;c:\msysgit\local\gooddata-cli-1.2.21-BETA\lib\axis-jaxrpc-1.4.jar;c:\msysgit\local\gooddata-cli-1.2.21-BETA\lib\axis-saaj-1.4.jar;c:\msysgit\local\gooddata-cli-1.2.21-BETA\lib\axis-wsdl4j-1.5.1.jar;c:\msysgit\local\gooddata-cli-1.2.21-BETA\lib\commons-beanutils-1.8.0.jar;c:\msysgit\local\gooddata-cli-1.2.21-BETA\lib\commons-cli-1.2.jar;c:\msysgit\local\gooddata-cli-1.2.21-BETA\lib\commons-codec-1.3.jar;c:\msysgit\local\gooddata-cli-1.2.21-BETA\lib\commons-collections-3.2.1.jar;c:\msysgit\local\gooddata-cli-1.2.21-BETA\lib\commons-discovery-0.2.jar;c:\msysgit\local\gooddata-cli-1.2.21-BETA\lib\commons-httpclient-3.1.jar;c:\msysgit\local\gooddata-cli-1.2.21-BETA\lib\commons-io-1.4.jar;c:\msysgit\local\gooddata-cli-1.2.21-BETA\lib\commons-jexl-2.0.1.jar;c:\msysgit\local\gooddata-cli-1.2.21-BETA\lib\commons-lang-2.4.jar;c:\msysgit\local\gooddata-cli-1.2.21-BETA\lib\commons-logging-1.1.1.jar;c:\msysgit\local\gooddata-cli-1.2.21-BETA\lib\commons-net-2.0.jar;c:\msysgit\local\gooddata-cli-1.2.21-BETA\lib\derby-10.6.1.0.jar;c:\msysgit\local\gooddata-cli-1.2.21-BETA\lib\dom4j-1.6.1.jar;c:\msysgit\local\gooddata-cli-1.2.21-BETA\lib\ezmorph-1.0.6.jar;c:\msysgit\local\gooddata-cli-1.2.21-BETA\lib\gdata-java-client-1.40.0.atlassian-2.jar;c:\msysgit\local\gooddata-cli-1.2.21-BETA\lib\gooddata-cl-backend-1.2.21-BETA.jar;c:\msysgit\local\gooddata-cli-1.2.21-BETA\lib\gooddata-cl-cli-1.2.21-BETA.jar;c:\msysgit\local\gooddata-cli-1.2.21-BETA\lib\gooddata-cl-common-1.2.21-BETA.jar;c:\msysgit\local\gooddata-cli-1.2.21-BETA\lib\gooddata-cl-connector-1.2.21-BETA.jar;c:\msysgit\local\gooddata-cli-1.2.21-BETA\lib\google-collections-1.0-rc2.jar;c:\msysgit\local\gooddata-cli-1.2.21-BETA\lib\httpclient-4.0.1.jar;c:\msysgit\local\gooddata-cli-1.2.21-BETA\lib\httpcore-4.0.1.jar;c:\msysgit\local\gooddata-cli-1.2.21-BETA\lib\icu4j-4.0.1.jar;c:\msysgit\local\gooddata-cli-1.2.21-BETA\lib\jackrabbit-jcr-commons-2.1.1.jar;c:\msysgit\local\gooddata-cli-1.2.21-BETA\lib\jackrabbit-webdav-2.1.1.jar;c:\msysgit\local\gooddata-cli-1.2.21-BETA\lib\javassist-3.12.1.GA.jar;c:\msysgit\local\gooddata-cli-1.2.21-BETA\lib\jaxen-1.1.1.jar;c:\msysgit\local\gooddata-cli-1.2.21-BETA\lib\jdom-1.0.jar;c:\msysgit\local\gooddata-cli-1.2.21-BETA\lib\joda-time-1.6.jar;c:\msysgit\local\gooddata-cli-1.2.21-BETA\lib\json-lib-2.3-jdk15.jar;c:\msysgit\local\gooddata-cli-1.2.21-BETA\lib\json-simple-1.1.jar;c:\msysgit\local\gooddata-cli-1.2.21-BETA\lib\jtds-1.2.4.jar;c:\msysgit\local\gooddata-cli-1.2.21-BETA\lib\junit-4.8.1.jar;c:\msysgit\local\gooddata-cli-1.2.21-BETA\lib\log4j-1.2.16.jar;c:\msysgit\local\gooddata-cli-1.2.21-BETA\lib\mysql-connector-java-5.1.12.jar;c:\msysgit\local\gooddata-cli-1.2.21-BETA\lib\opencsv-2.1.jar;c:\msysgit\local\gooddata-cli-1.2.21-BETA\lib\postgresql-8.4-701.jdbc4.jar;c:\msysgit\local\gooddata-cli-1.2.21-BETA\lib\signpost-commonshttp4-1.2.jar;c:\msysgit\local\gooddata-cli-1.2.21-BETA\lib\signpost-core-1.2.jar;c:\msysgit\local\gooddata-cli-1.2.21-BETA\lib\slf4j-api-1.6.1.jar;c:\msysgit\local\gooddata-cli-1.2.21-BETA\lib\slf4j-log4j12-1.6.1.jar;c:\msysgit\local\gooddata-cli-1.2.21-BETA\lib\xom-1.0.jar;c:\msysgit\local\gooddata-cli-1.2.21-BETA\lib\xpp3_min-1.1.3.4.O.jar;c:\msysgit\local\gooddata-cli-1.2.21-BETA\lib\xstream-1.2.2.jar
226  [main] DEBUG org.apache.commons.httpclient.HttpClient  - Operating system name: Windows 7
226  [main] DEBUG org.apache.commons.httpclient.HttpClient  - Operating system architecture: x86
226  [main] DEBUG org.apache.commons.httpclient.HttpClient  - Operating system version: 6.1
307  [main] DEBUG org.apache.commons.httpclient.HttpClient  - SUN 1.6: SUN (DSA key/parameter generation; DSA signing; SHA-1, MD5 digests; SecureRandom; X.509 certificates; JKS keystore; PKIX CertPathValidator; PKIX CertPathBuilder; LDAP, Collection CertStores, JavaPolicy Policy; JavaLoginConfig Configuration)
307  [main] DEBUG org.apache.commons.httpclient.HttpClient  - SunRsaSign 1.5: Sun RSA signature provider
308  [main] DEBUG org.apache.commons.httpclient.HttpClient  - SunJSSE 1.6: Sun JSSE provider(PKCS12, SunX509 key/trust factories, SSLv3, TLSv1)
308  [main] DEBUG org.apache.commons.httpclient.HttpClient  - SunJCE 1.6: SunJCE Provider (implements RSA, DES, Triple DES, AES, Blowfish, ARCFOUR, RC2, PBE, Diffie-Hellman, HMAC)
308  [main] DEBUG org.apache.commons.httpclient.HttpClient  - SunJGSS 1.0: Sun (Kerberos v5, SPNEGO)
308  [main] DEBUG org.apache.commons.httpclient.HttpClient  - SunSASL 1.5: Sun SASL provider(implements client mechanisms for: DIGEST-MD5, GSSAPI, EXTERNAL, PLAIN, CRAM-MD5; server mechanisms for: DIGEST-MD5, GSSAPI, CRAM-MD5)
308  [main] DEBUG org.apache.commons.httpclient.HttpClient  - XMLDSig 1.0: XMLDSig (DOM XMLSignatureFactory; DOM KeyInfoFactory)
308  [main] DEBUG org.apache.commons.httpclient.HttpClient  - SunPCSC 1.6: Sun PC/SC provider
308  [main] DEBUG org.apache.commons.httpclient.HttpClient  - SunMSCAPI 1.6: Sun's Microsoft Crypto API provider
315  [main] DEBUG org.apache.commons.httpclient.params.DefaultHttpParams  - Set parameter http.useragent = Jakarta Commons-HttpClient/3.1
316  [main] DEBUG org.apache.commons.httpclient.params.DefaultHttpParams  - Set parameter http.protocol.version = HTTP/1.1
318  [main] DEBUG org.apache.commons.httpclient.params.DefaultHttpParams  - Set parameter http.connection-manager.class = class org.apache.commons.httpclient.SimpleHttpConnectionManager
318  [main] DEBUG org.apache.commons.httpclient.params.DefaultHttpParams  - Set parameter http.protocol.cookie-policy = default
318  [main] DEBUG org.apache.commons.httpclient.params.DefaultHttpParams  - Set parameter http.protocol.element-charset = US-ASCII
318  [main] DEBUG org.apache.commons.httpclient.params.DefaultHttpParams  - Set parameter http.protocol.content-charset = ISO-8859-1
320  [main] DEBUG org.apache.commons.httpclient.params.DefaultHttpParams  - Set parameter http.method.retry-handler = org.apache.commons.httpclient.DefaultHttpMethodRetryHandler@be0e27
320  [main] DEBUG org.apache.commons.httpclient.params.DefaultHttpParams  - Set parameter http.dateparser.patterns = [EEE, dd MMM yyyy HH:mm:ss zzz, EEEE, dd-MMM-yy HH:mm:ss zzz, EEE MMM d HH:mm:ss yyyy, EEE, dd-MMM-yyyy HH:mm:ss z, EEE, dd-MMM-yyyy HH-mm-ss z, EEE, dd MMM yy HH:mm:ss z, EEE dd-MMM-yyyy HH:mm:ss z, EEE dd MMM yyyy HH:mm:ss z, EEE dd-MMM-yyyy HH-mm-ss z, EEE dd-MMM-yy HH:mm:ss z, EEE dd MMM yy HH:mm:ss z, EEE,dd-MMM-yy HH:mm:ss z, EEE,dd-MMM-yyyy HH:mm:ss z, EEE, dd-MM-yyyy HH:mm:ss z]
217  [main] DEBUG org.apache.commons.httpclient.HttpClient  - Java version: 1.6.0_20
217  [main] DEBUG org.apache.commons.httpclient.HttpClient  - Java vendor: Sun Microsystems Inc.
218  [main] DEBUG org.apache.commons.httpclient.HttpClient  - Java class path: c:\msysgit\local\gooddata-cli-1.2.21-BETA;c:\msysgit\local\gooddata-cli-1.2.21-BETA\lib\axis-1.4.jar;c:\msysgit\local\gooddata-cli-1.2.21-BETA\lib\axis-jaxrpc-1.4.jar;c:\msysgit\local\gooddata-cli-1.2.21-BETA\lib\axis-saaj-1.4.jar;c:\msysgit\local\gooddata-cli-1.2.21-BETA\lib\axis-wsdl4j-1.5.1.jar;c:\msysgit\local\gooddata-cli-1.2.21-BETA\lib\commons-beanutils-1.8.0.jar;c:\msysgit\local\gooddata-cli-1.2.21-BETA\lib\commons-cli-1.2.jar;c:\msysgit\local\gooddata-cli-1.2.21-BETA\lib\commons-codec-1.3.jar;c:\msysgit\local\gooddata-cli-1.2.21-BETA\lib\commons-collections-3.2.1.jar;c:\msysgit\local\gooddata-cli-1.2.21-BETA\lib\commons-discovery-0.2.jar;c:\msysgit\local\gooddata-cli-1.2.21-BETA\lib\commons-httpclient-3.1.jar;c:\msysgit\local\gooddata-cli-1.2.21-BETA\lib\commons-io-1.4.jar;c:\msysgit\local\gooddata-cli-1.2.21-BETA\lib\commons-jexl-2.0.1.jar;c:\msysgit\local\gooddata-cli-1.2.21-BETA\lib\commons-lang-2.4.jar;c:\msysgit\local\gooddata-cli-1.2.21-BETA\lib\commons-logging-1.1.1.jar;c:\msysgit\local\gooddata-cli-1.2.21-BETA\lib\commons-net-2.0.jar;c:\msysgit\local\gooddata-cli-1.2.21-BETA\lib\derby-10.6.1.0.jar;c:\msysgit\local\gooddata-cli-1.2.21-BETA\lib\dom4j-1.6.1.jar;c:\msysgit\local\gooddata-cli-1.2.21-BETA\lib\ezmorph-1.0.6.jar;c:\msysgit\local\gooddata-cli-1.2.21-BETA\lib\gdata-java-client-1.40.0.atlassian-2.jar;c:\msysgit\local\gooddata-cli-1.2.21-BETA\lib\gooddata-cl-backend-1.2.21-BETA.jar;c:\msysgit\local\gooddata-cli-1.2.21-BETA\lib\gooddata-cl-cli-1.2.21-BETA.jar;c:\msysgit\local\gooddata-cli-1.2.21-BETA\lib\gooddata-cl-common-1.2.21-BETA.jar;c:\msysgit\local\gooddata-cli-1.2.21-BETA\lib\gooddata-cl-connector-1.2.21-BETA.jar;c:\msysgit\local\gooddata-cli-1.2.21-BETA\lib\google-collections-1.0-rc2.jar;c:\msysgit\local\gooddata-cli-1.2.21-BETA\lib\httpclient-4.0.1.jar;c:\msysgit\local\gooddata-cli-1.2.21-BETA\lib\httpcore-4.0.1.jar;c:\msysgit\local\gooddata-cli-1.2.21-BETA\lib\icu4j-4.0.1.jar;c:\msysgit\local\gooddata-cli-1.2.21-BETA\lib\jackrabbit-jcr-commons-2.1.1.jar;c:\msysgit\local\gooddata-cli-1.2.21-BETA\lib\jackrabbit-webdav-2.1.1.jar;c:\msysgit\local\gooddata-cli-1.2.21-BETA\lib\javassist-3.12.1.GA.jar;c:\msysgit\local\gooddata-cli-1.2.21-BETA\lib\jaxen-1.1.1.jar;c:\msysgit\local\gooddata-cli-1.2.21-BETA\lib\jdom-1.0.jar;c:\msysgit\local\gooddata-cli-1.2.21-BETA\lib\joda-time-1.6.jar;c:\msysgit\local\gooddata-cli-1.2.21-BETA\lib\json-lib-2.3-jdk15.jar;c:\msysgit\local\gooddata-cli-1.2.21-BETA\lib\json-simple-1.1.jar;c:\msysgit\local\gooddata-cli-1.2.21-BETA\lib\jtds-1.2.4.jar;c:\msysgit\local\gooddata-cli-1.2.21-BETA\lib\junit-4.8.1.jar;c:\msysgit\local\gooddata-cli-1.2.21-BETA\lib\log4j-1.2.16.jar;c:\msysgit\local\gooddata-cli-1.2.21-BETA\lib\mysql-connector-java-5.1.12.jar;c:\msysgit\local\gooddata-cli-1.2.21-BETA\lib\opencsv-2.1.jar;c:\msysgit\local\gooddata-cli-1.2.21-BETA\lib\postgresql-8.4-701.jdbc4.jar;c:\msysgit\local\gooddata-cli-1.2.21-BETA\lib\signpost-commonshttp4-1.2.jar;c:\msysgit\local\gooddata-cli-1.2.21-BETA\lib\signpost-core-1.2.jar;c:\msysgit\local\gooddata-cli-1.2.21-BETA\lib\slf4j-api-1.6.1.jar;c:\msysgit\local\gooddata-cli-1.2.21-BETA\lib\slf4j-log4j12-1.6.1.jar;c:\msysgit\local\gooddata-cli-1.2.21-BETA\lib\xom-1.0.jar;c:\msysgit\local\gooddata-cli-1.2.21-BETA\lib\xpp3_min-1.1.3.4.O.jar;c:\msysgit\local\gooddata-cli-1.2.21-BETA\lib\xstream-1.2.2.jar
219  [main] DEBUG org.apache.commons.httpclient.HttpClient  - Operating system name: Windows 7
219  [main] DEBUG org.apache.commons.httpclient.HttpClient  - Operating system architecture: x86
219  [main] DEBUG org.apache.commons.httpclient.HttpClient  - Operating system version: 6.1
314  [main] DEBUG org.apache.commons.httpclient.HttpClient  - SUN 1.6: SUN (DSA key/parameter generation; DSA signing; SHA-1, MD5 digests; SecureRandom; X.509 certificates; JKS keystore; PKIX CertPathValidator; PKIX CertPathBuilder; LDAP, Collection CertStores, JavaPolicy Policy; JavaLoginConfig Configuration)
314  [main] DEBUG org.apache.commons.httpclient.HttpClient  - SunRsaSign 1.5: Sun RSA signature provider
314  [main] DEBUG org.apache.commons.httpclient.HttpClient  - SunJSSE 1.6: Sun JSSE provider(PKCS12, SunX509 key/trust factories, SSLv3, TLSv1)
314  [main] DEBUG org.apache.commons.httpclient.HttpClient  - SunJCE 1.6: SunJCE Provider (implements RSA, DES, Triple DES, AES, Blowfish, ARCFOUR, RC2, PBE, Diffie-Hellman, HMAC)
314  [main] DEBUG org.apache.commons.httpclient.HttpClient  - SunJGSS 1.0: Sun (Kerberos v5, SPNEGO)
314  [main] DEBUG org.apache.commons.httpclient.HttpClient  - SunSASL 1.5: Sun SASL provider(implements client mechanisms for: DIGEST-MD5, GSSAPI, EXTERNAL, PLAIN, CRAM-MD5; server mechanisms for: DIGEST-MD5, GSSAPI, CRAM-MD5)
315  [main] DEBUG org.apache.commons.httpclient.HttpClient  - XMLDSig 1.0: XMLDSig (DOM XMLSignatureFactory; DOM KeyInfoFactory)
315  [main] DEBUG org.apache.commons.httpclient.HttpClient  - SunPCSC 1.6: Sun PC/SC provider
315  [main] DEBUG org.apache.commons.httpclient.HttpClient  - SunMSCAPI 1.6: Sun's Microsoft Crypto API provider
321  [main] DEBUG org.apache.commons.httpclient.params.DefaultHttpParams  - Set parameter http.useragent = Jakarta Commons-HttpClient/3.1
323  [main] DEBUG org.apache.commons.httpclient.params.DefaultHttpParams  - Set parameter http.protocol.version = HTTP/1.1
325  [main] DEBUG org.apache.commons.httpclient.params.DefaultHttpParams  - Set parameter http.connection-manager.class = class org.apache.commons.httpclient.SimpleHttpConnectionManager
325  [main] DEBUG org.apache.commons.httpclient.params.DefaultHttpParams  - Set parameter http.protocol.cookie-policy = default
326  [main] DEBUG org.apache.commons.httpclient.params.DefaultHttpParams  - Set parameter http.protocol.element-charset = US-ASCII
326  [main] DEBUG org.apache.commons.httpclient.params.DefaultHttpParams  - Set parameter http.protocol.content-charset = ISO-8859-1
327  [main] DEBUG org.apache.commons.httpclient.params.DefaultHttpParams  - Set parameter http.method.retry-handler = org.apache.commons.httpclient.DefaultHttpMethodRetryHandler@5973ea
327  [main] DEBUG org.apache.commons.httpclient.params.DefaultHttpParams  - Set parameter http.dateparser.patterns = [EEE, dd MMM yyyy HH:mm:ss zzz, EEEE, dd-MMM-yy HH:mm:ss zzz, EEE MMM d HH:mm:ss yyyy, EEE, dd-MMM-yyyy HH:mm:ss z, EEE, dd-MMM-yyyy HH-mm-ss z, EEE, dd MMM yy HH:mm:ss z, EEE dd-MMM-yyyy HH:mm:ss z, EEE dd MMM yyyy HH:mm:ss z, EEE dd-MMM-yyyy HH-mm-ss z, EEE dd-MMM-yy HH:mm:ss z, EEE dd MMM yy HH:mm:ss z, EEE,dd-MMM-yy HH:mm:ss z, EEE,dd-MMM-yyyy HH:mm:ss z, EEE, dd-MM-yyyy HH:mm:ss z]
566  [main] DEBUG org.apache.commons.httpclient.HttpConnection  - Open connection to secure.gooddata.com:443
1170 [main] DEBUG org.apache.commons.httpclient.HttpMethodBase  - Adding Host request header
1595 [main] DEBUG org.apache.commons.httpclient.methods.EntityEnclosingMethod  - Request body sent
2375 [main] DEBUG org.apache.commons.httpclient.HttpMethodBase  - Cookie accepted: "$Version=0; X-GDC-NODE-ID=nodeOne; $Path=/gdc"
2376 [main] DEBUG org.apache.commons.httpclient.HttpMethodBase  - Cookie accepted: "$Version=0; GDCAuthTT=; $Path=/"
2382 [main] DEBUG org.apache.commons.httpclient.HttpMethodBase  - Cookie accepted: "$Version=0; GDCAuthSST=aad10cbcd6cdaa636ba74a8203f49aa5720354971929338103683340a520b93f4411b993da72498bdbabc12847d59d273912f4d072982dca5ce37afc1bccdc6e1bd3b1fabee270de382df02e582fc970e4bb8a4c612ce2938d6462aaaa4176850b1e5957c83858bb55384fe330e384966c73ece4445b8c633592208418993c; $Path=/gdc/account"
2384 [main] DEBUG org.apache.commons.httpclient.HttpMethodBase  - Buffering response body
2385 [main] DEBUG org.apache.commons.httpclient.HttpMethodBase  - Resorting to protocol version default close connection policy
2385 [main] DEBUG org.apache.commons.httpclient.HttpMethodBase  - Should NOT close connection, using HTTP/1.1
2385 [main] DEBUG org.apache.commons.httpclient.HttpConnection  - Releasing connection back to connection manager.
2385 [main] DEBUG org.apache.commons.httpclient.HttpMethodBase  - Default charset used: ISO-8859-1
2390 [main] DEBUG org.apache.commons.httpclient.HttpMethodBase  - Adding Host request header
2582 [main] DEBUG org.apache.commons.httpclient.HttpMethodBase  - Cookie accepted: "$Version=0; GDCAuthTT=06b23098ee2f2d29154bc267db03e64a5fa169de50155ac9498e0320e69117ef86f735481dc10182fe78a65cc0237535065be5b8d10ad6ea185286c79732c331181917f90245150f3909ca868af09df698d519dab6ce008e93c66bf4c6692f7e3e93a0f02f3814c9c0362016a6e84b685c164b3e340df821d64df517524569337b2275223a223332222c2276223a313330333134303535327d; $Path=/"
2582 [main] DEBUG org.apache.commons.httpclient.HttpMethodBase  - Buffering response body
2582 [main] DEBUG org.apache.commons.httpclient.HttpMethodBase  - Resorting to protocol version default close connection policy
2582 [main] DEBUG org.apache.commons.httpclient.HttpMethodBase  - Should NOT close connection, using HTTP/1.1
2582 [main] DEBUG org.apache.commons.httpclient.HttpConnection  - Releasing connection back to connection manager.
2587 [main] DEBUG org.apache.commons.httpclient.HttpMethodBase  - Adding Host request header
2746 [main] DEBUG org.apache.commons.httpclient.HttpMethodBase  - Buffering response body
2746 [main] DEBUG org.apache.commons.httpclient.HttpMethodBase  - Resorting to protocol version default close connection policy
2746 [main] DEBUG org.apache.commons.httpclient.HttpMethodBase  - Should NOT close connection, using HTTP/1.1
2746 [main] DEBUG org.apache.commons.httpclient.HttpConnection  - Releasing connection back to connection manager.
2746 [main] DEBUG org.apache.commons.httpclient.HttpMethodBase  - Default charset used: ISO-8859-1
2750 [main] DEBUG org.apache.commons.httpclient.HttpMethodBase  - Adding Host request header
2752 [main] DEBUG org.apache.commons.httpclient.methods.EntityEnclosingMethod  - Request body sent
9925 [main] DEBUG org.apache.commons.httpclient.HttpMethodBase  - Buffering response body
9926 [main] DEBUG org.apache.commons.httpclient.HttpMethodBase  - Resorting to protocol version default close connection policy
9926 [main] DEBUG org.apache.commons.httpclient.HttpMethodBase  - Should NOT close connection, using HTTP/1.1
9926 [main] DEBUG org.apache.commons.httpclient.HttpConnection  - Releasing connection back to connection manager.
9926 [main] DEBUG org.apache.commons.httpclient.HttpMethodBase  - Default charset used: ISO-8859-1
239  [main] DEBUG org.apache.commons.httpclient.HttpClient  - Java version: 1.6.0_20
239  [main] DEBUG org.apache.commons.httpclient.HttpClient  - Java vendor: Sun Microsystems Inc.
239  [main] DEBUG org.apache.commons.httpclient.HttpClient  - Java class path: c:\msysgit\local\gooddata-cli-1.2.21-BETA;c:\msysgit\local\gooddata-cli-1.2.21-BETA\lib\axis-1.4.jar;c:\msysgit\local\gooddata-cli-1.2.21-BETA\lib\axis-jaxrpc-1.4.jar;c:\msysgit\local\gooddata-cli-1.2.21-BETA\lib\axis-saaj-1.4.jar;c:\msysgit\local\gooddata-cli-1.2.21-BETA\lib\axis-wsdl4j-1.5.1.jar;c:\msysgit\local\gooddata-cli-1.2.21-BETA\lib\commons-beanutils-1.8.0.jar;c:\msysgit\local\gooddata-cli-1.2.21-BETA\lib\commons-cli-1.2.jar;c:\msysgit\local\gooddata-cli-1.2.21-BETA\lib\commons-codec-1.3.jar;c:\msysgit\local\gooddata-cli-1.2.21-BETA\lib\commons-collections-3.2.1.jar;c:\msysgit\local\gooddata-cli-1.2.21-BETA\lib\commons-discovery-0.2.jar;c:\msysgit\local\gooddata-cli-1.2.21-BETA\lib\commons-httpclient-3.1.jar;c:\msysgit\local\gooddata-cli-1.2.21-BETA\lib\commons-io-1.4.jar;c:\msysgit\local\gooddata-cli-1.2.21-BETA\lib\commons-jexl-2.0.1.jar;c:\msysgit\local\gooddata-cli-1.2.21-BETA\lib\commons-lang-2.4.jar;c:\msysgit\local\gooddata-cli-1.2.21-BETA\lib\commons-logging-1.1.1.jar;c:\msysgit\local\gooddata-cli-1.2.21-BETA\lib\commons-net-2.0.jar;c:\msysgit\local\gooddata-cli-1.2.21-BETA\lib\derby-10.6.1.0.jar;c:\msysgit\local\gooddata-cli-1.2.21-BETA\lib\dom4j-1.6.1.jar;c:\msysgit\local\gooddata-cli-1.2.21-BETA\lib\ezmorph-1.0.6.jar;c:\msysgit\local\gooddata-cli-1.2.21-BETA\lib\gdata-java-client-1.40.0.atlassian-2.jar;c:\msysgit\local\gooddata-cli-1.2.21-BETA\lib\gooddata-cl-backend-1.2.21-BETA.jar;c:\msysgit\local\gooddata-cli-1.2.21-BETA\lib\gooddata-cl-cli-1.2.21-BETA.jar;c:\msysgit\local\gooddata-cli-1.2.21-BETA\lib\gooddata-cl-common-1.2.21-BETA.jar;c:\msysgit\local\gooddata-cli-1.2.21-BETA\lib\gooddata-cl-connector-1.2.21-BETA.jar;c:\msysgit\local\gooddata-cli-1.2.21-BETA\lib\google-collections-1.0-rc2.jar;c:\msysgit\local\gooddata-cli-1.2.21-BETA\lib\httpclient-4.0.1.jar;c:\msysgit\local\gooddata-cli-1.2.21-BETA\lib\httpcore-4.0.1.jar;c:\msysgit\local\gooddata-cli-1.2.21-BETA\lib\icu4j-4.0.1.jar;c:\msysgit\local\gooddata-cli-1.2.21-BETA\lib\jackrabbit-jcr-commons-2.1.1.jar;c:\msysgit\local\gooddata-cli-1.2.21-BETA\lib\jackrabbit-webdav-2.1.1.jar;c:\msysgit\local\gooddata-cli-1.2.21-BETA\lib\javassist-3.12.1.GA.jar;c:\msysgit\local\gooddata-cli-1.2.21-BETA\lib\jaxen-1.1.1.jar;c:\msysgit\local\gooddata-cli-1.2.21-BETA\lib\jdom-1.0.jar;c:\msysgit\local\gooddata-cli-1.2.21-BETA\lib\joda-time-1.6.jar;c:\msysgit\local\gooddata-cli-1.2.21-BETA\lib\json-lib-2.3-jdk15.jar;c:\msysgit\local\gooddata-cli-1.2.21-BETA\lib\json-simple-1.1.jar;c:\msysgit\local\gooddata-cli-1.2.21-BETA\lib\jtds-1.2.4.jar;c:\msysgit\local\gooddata-cli-1.2.21-BETA\lib\junit-4.8.1.jar;c:\msysgit\local\gooddata-cli-1.2.21-BETA\lib\log4j-1.2.16.jar;c:\msysgit\local\gooddata-cli-1.2.21-BETA\lib\mysql-connector-java-5.1.12.jar;c:\msysgit\local\gooddata-cli-1.2.21-BETA\lib\opencsv-2.1.jar;c:\msysgit\local\gooddata-cli-1.2.21-BETA\lib\postgresql-8.4-701.jdbc4.jar;c:\msysgit\local\gooddata-cli-1.2.21-BETA\lib\signpost-commonshttp4-1.2.jar;c:\msysgit\local\gooddata-cli-1.2.21-BETA\lib\signpost-core-1.2.jar;c:\msysgit\local\gooddata-cli-1.2.21-BETA\lib\slf4j-api-1.6.1.jar;c:\msysgit\local\gooddata-cli-1.2.21-BETA\lib\slf4j-log4j12-1.6.1.jar;c:\msysgit\local\gooddata-cli-1.2.21-BETA\lib\xom-1.0.jar;c:\msysgit\local\gooddata-cli-1.2.21-BETA\lib\xpp3_min-1.1.3.4.O.jar;c:\msysgit\local\gooddata-cli-1.2.21-BETA\lib\xstream-1.2.2.jar
241  [main] DEBUG org.apache.commons.httpclient.HttpClient  - Operating system name: Windows 7
241  [main] DEBUG org.apache.commons.httpclient.HttpClient  - Operating system architecture: x86
241  [main] DEBUG org.apache.commons.httpclient.HttpClient  - Operating system version: 6.1
328  [main] DEBUG org.apache.commons.httpclient.HttpClient  - SUN 1.6: SUN (DSA key/parameter generation; DSA signing; SHA-1, MD5 digests; SecureRandom; X.509 certificates; JKS keystore; PKIX CertPathValidator; PKIX CertPathBuilder; LDAP, Collection CertStores, JavaPolicy Policy; JavaLoginConfig Configuration)
328  [main] DEBUG org.apache.commons.httpclient.HttpClient  - SunRsaSign 1.5: Sun RSA signature provider
328  [main] DEBUG org.apache.commons.httpclient.HttpClient  - SunJSSE 1.6: Sun JSSE provider(PKCS12, SunX509 key/trust factories, SSLv3, TLSv1)
329  [main] DEBUG org.apache.commons.httpclient.HttpClient  - SunJCE 1.6: SunJCE Provider (implements RSA, DES, Triple DES, AES, Blowfish, ARCFOUR, RC2, PBE, Diffie-Hellman, HMAC)
329  [main] DEBUG org.apache.commons.httpclient.HttpClient  - SunJGSS 1.0: Sun (Kerberos v5, SPNEGO)
329  [main] DEBUG org.apache.commons.httpclient.HttpClient  - SunSASL 1.5: Sun SASL provider(implements client mechanisms for: DIGEST-MD5, GSSAPI, EXTERNAL, PLAIN, CRAM-MD5; server mechanisms for: DIGEST-MD5, GSSAPI, CRAM-MD5)
329  [main] DEBUG org.apache.commons.httpclient.HttpClient  - XMLDSig 1.0: XMLDSig (DOM XMLSignatureFactory; DOM KeyInfoFactory)
329  [main] DEBUG org.apache.commons.httpclient.HttpClient  - SunPCSC 1.6: Sun PC/SC provider
329  [main] DEBUG org.apache.commons.httpclient.HttpClient  - SunMSCAPI 1.6: Sun's Microsoft Crypto API provider
334  [main] DEBUG org.apache.commons.httpclient.params.DefaultHttpParams  - Set parameter http.useragent = Jakarta Commons-HttpClient/3.1
336  [main] DEBUG org.apache.commons.httpclient.params.DefaultHttpParams  - Set parameter http.protocol.version = HTTP/1.1
338  [main] DEBUG org.apache.commons.httpclient.params.DefaultHttpParams  - Set parameter http.connection-manager.class = class org.apache.commons.httpclient.SimpleHttpConnectionManager
339  [main] DEBUG org.apache.commons.httpclient.params.DefaultHttpParams  - Set parameter http.protocol.cookie-policy = default
339  [main] DEBUG org.apache.commons.httpclient.params.DefaultHttpParams  - Set parameter http.protocol.element-charset = US-ASCII
339  [main] DEBUG org.apache.commons.httpclient.params.DefaultHttpParams  - Set parameter http.protocol.content-charset = ISO-8859-1
340  [main] DEBUG org.apache.commons.httpclient.params.DefaultHttpParams  - Set parameter http.method.retry-handler = org.apache.commons.httpclient.DefaultHttpMethodRetryHandler@be0e27
341  [main] DEBUG org.apache.commons.httpclient.params.DefaultHttpParams  - Set parameter http.dateparser.patterns = [EEE, dd MMM yyyy HH:mm:ss zzz, EEEE, dd-MMM-yy HH:mm:ss zzz, EEE MMM d HH:mm:ss yyyy, EEE, dd-MMM-yyyy HH:mm:ss z, EEE, dd-MMM-yyyy HH-mm-ss z, EEE, dd MMM yy HH:mm:ss z, EEE dd-MMM-yyyy HH:mm:ss z, EEE dd MMM yyyy HH:mm:ss z, EEE dd-MMM-yyyy HH-mm-ss z, EEE dd-MMM-yy HH:mm:ss z, EEE dd MMM yy HH:mm:ss z, EEE,dd-MMM-yy HH:mm:ss z, EEE,dd-MMM-yyyy HH:mm:ss z, EEE, dd-MM-yyyy HH:mm:ss z]
227  [main] DEBUG org.apache.commons.httpclient.HttpClient  - Java version: 1.6.0_20
227  [main] DEBUG org.apache.commons.httpclient.HttpClient  - Java vendor: Sun Microsystems Inc.
227  [main] DEBUG org.apache.commons.httpclient.HttpClient  - Java class path: c:\msysgit\local\gooddata-cli-1.2.21-BETA;c:\msysgit\local\gooddata-cli-1.2.21-BETA\lib\axis-1.4.jar;c:\msysgit\local\gooddata-cli-1.2.21-BETA\lib\axis-jaxrpc-1.4.jar;c:\msysgit\local\gooddata-cli-1.2.21-BETA\lib\axis-saaj-1.4.jar;c:\msysgit\local\gooddata-cli-1.2.21-BETA\lib\axis-wsdl4j-1.5.1.jar;c:\msysgit\local\gooddata-cli-1.2.21-BETA\lib\commons-beanutils-1.8.0.jar;c:\msysgit\local\gooddata-cli-1.2.21-BETA\lib\commons-cli-1.2.jar;c:\msysgit\local\gooddata-cli-1.2.21-BETA\lib\commons-codec-1.3.jar;c:\msysgit\local\gooddata-cli-1.2.21-BETA\lib\commons-collections-3.2.1.jar;c:\msysgit\local\gooddata-cli-1.2.21-BETA\lib\commons-discovery-0.2.jar;c:\msysgit\local\gooddata-cli-1.2.21-BETA\lib\commons-httpclient-3.1.jar;c:\msysgit\local\gooddata-cli-1.2.21-BETA\lib\commons-io-1.4.jar;c:\msysgit\local\gooddata-cli-1.2.21-BETA\lib\commons-jexl-2.0.1.jar;c:\msysgit\local\gooddata-cli-1.2.21-BETA\lib\commons-lang-2.4.jar;c:\msysgit\local\gooddata-cli-1.2.21-BETA\lib\commons-logging-1.1.1.jar;c:\msysgit\local\gooddata-cli-1.2.21-BETA\lib\commons-net-2.0.jar;c:\msysgit\local\gooddata-cli-1.2.21-BETA\lib\derby-10.6.1.0.jar;c:\msysgit\local\gooddata-cli-1.2.21-BETA\lib\dom4j-1.6.1.jar;c:\msysgit\local\gooddata-cli-1.2.21-BETA\lib\ezmorph-1.0.6.jar;c:\msysgit\local\gooddata-cli-1.2.21-BETA\lib\gdata-java-client-1.40.0.atlassian-2.jar;c:\msysgit\local\gooddata-cli-1.2.21-BETA\lib\gooddata-cl-backend-1.2.21-BETA.jar;c:\msysgit\local\gooddata-cli-1.2.21-BETA\lib\gooddata-cl-cli-1.2.21-BETA.jar;c:\msysgit\local\gooddata-cli-1.2.21-BETA\lib\gooddata-cl-common-1.2.21-BETA.jar;c:\msysgit\local\gooddata-cli-1.2.21-BETA\lib\gooddata-cl-connector-1.2.21-BETA.jar;c:\msysgit\local\gooddata-cli-1.2.21-BETA\lib\google-collections-1.0-rc2.jar;c:\msysgit\local\gooddata-cli-1.2.21-BETA\lib\httpclient-4.0.1.jar;c:\msysgit\local\gooddata-cli-1.2.21-BETA\lib\httpcore-4.0.1.jar;c:\msysgit\local\gooddata-cli-1.2.21-BETA\lib\icu4j-4.0.1.jar;c:\msysgit\local\gooddata-cli-1.2.21-BETA\lib\jackrabbit-jcr-commons-2.1.1.jar;c:\msysgit\local\gooddata-cli-1.2.21-BETA\lib\jackrabbit-webdav-2.1.1.jar;c:\msysgit\local\gooddata-cli-1.2.21-BETA\lib\javassist-3.12.1.GA.jar;c:\msysgit\local\gooddata-cli-1.2.21-BETA\lib\jaxen-1.1.1.jar;c:\msysgit\local\gooddata-cli-1.2.21-BETA\lib\jdom-1.0.jar;c:\msysgit\local\gooddata-cli-1.2.21-BETA\lib\joda-time-1.6.jar;c:\msysgit\local\gooddata-cli-1.2.21-BETA\lib\json-lib-2.3-jdk15.jar;c:\msysgit\local\gooddata-cli-1.2.21-BETA\lib\json-simple-1.1.jar;c:\msysgit\local\gooddata-cli-1.2.21-BETA\lib\jtds-1.2.4.jar;c:\msysgit\local\gooddata-cli-1.2.21-BETA\lib\junit-4.8.1.jar;c:\msysgit\local\gooddata-cli-1.2.21-BETA\lib\log4j-1.2.16.jar;c:\msysgit\local\gooddata-cli-1.2.21-BETA\lib\mysql-connector-java-5.1.12.jar;c:\msysgit\local\gooddata-cli-1.2.21-BETA\lib\opencsv-2.1.jar;c:\msysgit\local\gooddata-cli-1.2.21-BETA\lib\postgresql-8.4-701.jdbc4.jar;c:\msysgit\local\gooddata-cli-1.2.21-BETA\lib\signpost-commonshttp4-1.2.jar;c:\msysgit\local\gooddata-cli-1.2.21-BETA\lib\signpost-core-1.2.jar;c:\msysgit\local\gooddata-cli-1.2.21-BETA\lib\slf4j-api-1.6.1.jar;c:\msysgit\local\gooddata-cli-1.2.21-BETA\lib\slf4j-log4j12-1.6.1.jar;c:\msysgit\local\gooddata-cli-1.2.21-BETA\lib\xom-1.0.jar;c:\msysgit\local\gooddata-cli-1.2.21-BETA\lib\xpp3_min-1.1.3.4.O.jar;c:\msysgit\local\gooddata-cli-1.2.21-BETA\lib\xstream-1.2.2.jar
229  [main] DEBUG org.apache.commons.httpclient.HttpClient  - Operating system name: Windows 7
229  [main] DEBUG org.apache.commons.httpclient.HttpClient  - Operating system architecture: x86
229  [main] DEBUG org.apache.commons.httpclient.HttpClient  - Operating system version: 6.1
314  [main] DEBUG org.apache.commons.httpclient.HttpClient  - SUN 1.6: SUN (DSA key/parameter generation; DSA signing; SHA-1, MD5 digests; SecureRandom; X.509 certificates; JKS keystore; PKIX CertPathValidator; PKIX CertPathBuilder; LDAP, Collection CertStores, JavaPolicy Policy; JavaLoginConfig Configuration)
314  [main] DEBUG org.apache.commons.httpclient.HttpClient  - SunRsaSign 1.5: Sun RSA signature provider
314  [main] DEBUG org.apache.commons.httpclient.HttpClient  - SunJSSE 1.6: Sun JSSE provider(PKCS12, SunX509 key/trust factories, SSLv3, TLSv1)
314  [main] DEBUG org.apache.commons.httpclient.HttpClient  - SunJCE 1.6: SunJCE Provider (implements RSA, DES, Triple DES, AES, Blowfish, ARCFOUR, RC2, PBE, Diffie-Hellman, HMAC)
314  [main] DEBUG org.apache.commons.httpclient.HttpClient  - SunJGSS 1.0: Sun (Kerberos v5, SPNEGO)
314  [main] DEBUG org.apache.commons.httpclient.HttpClient  - SunSASL 1.5: Sun SASL provider(implements client mechanisms for: DIGEST-MD5, GSSAPI, EXTERNAL, PLAIN, CRAM-MD5; server mechanisms for: DIGEST-MD5, GSSAPI, CRAM-MD5)
314  [main] DEBUG org.apache.commons.httpclient.HttpClient  - XMLDSig 1.0: XMLDSig (DOM XMLSignatureFactory; DOM KeyInfoFactory)
314  [main] DEBUG org.apache.commons.httpclient.HttpClient  - SunPCSC 1.6: Sun PC/SC provider
315  [main] DEBUG org.apache.commons.httpclient.HttpClient  - SunMSCAPI 1.6: Sun's Microsoft Crypto API provider
321  [main] DEBUG org.apache.commons.httpclient.params.DefaultHttpParams  - Set parameter http.useragent = Jakarta Commons-HttpClient/3.1
323  [main] DEBUG org.apache.commons.httpclient.params.DefaultHttpParams  - Set parameter http.protocol.version = HTTP/1.1
325  [main] DEBUG org.apache.commons.httpclient.params.DefaultHttpParams  - Set parameter http.connection-manager.class = class org.apache.commons.httpclient.SimpleHttpConnectionManager
325  [main] DEBUG org.apache.commons.httpclient.params.DefaultHttpParams  - Set parameter http.protocol.cookie-policy = default
325  [main] DEBUG org.apache.commons.httpclient.params.DefaultHttpParams  - Set parameter http.protocol.element-charset = US-ASCII
325  [main] DEBUG org.apache.commons.httpclient.params.DefaultHttpParams  - Set parameter http.protocol.content-charset = ISO-8859-1
326  [main] DEBUG org.apache.commons.httpclient.params.DefaultHttpParams  - Set parameter http.method.retry-handler = org.apache.commons.httpclient.DefaultHttpMethodRetryHandler@5973ea
326  [main] DEBUG org.apache.commons.httpclient.params.DefaultHttpParams  - Set parameter http.dateparser.patterns = [EEE, dd MMM yyyy HH:mm:ss zzz, EEEE, dd-MMM-yy HH:mm:ss zzz, EEE MMM d HH:mm:ss yyyy, EEE, dd-MMM-yyyy HH:mm:ss z, EEE, dd-MMM-yyyy HH-mm-ss z, EEE, dd MMM yy HH:mm:ss z, EEE dd-MMM-yyyy HH:mm:ss z, EEE dd MMM yyyy HH:mm:ss z, EEE dd-MMM-yyyy HH-mm-ss z, EEE dd-MMM-yy HH:mm:ss z, EEE dd MMM yy HH:mm:ss z, EEE,dd-MMM-yy HH:mm:ss z, EEE,dd-MMM-yyyy HH:mm:ss z, EEE, dd-MM-yyyy HH:mm:ss z]
1181 [main] DEBUG org.apache.commons.httpclient.HttpConnection  - Open connection to secure.gooddata.com:443
1726 [main] DEBUG org.apache.commons.httpclient.HttpMethodBase  - Adding Host request header
2169 [main] DEBUG org.apache.commons.httpclient.methods.EntityEnclosingMethod  - Request body sent
2437 [main] DEBUG org.apache.commons.httpclient.HttpMethodBase  - Cookie accepted: "$Version=0; X-GDC-NODE-ID=nodeOne; $Path=/gdc"
2438 [main] DEBUG org.apache.commons.httpclient.HttpMethodBase  - Cookie accepted: "$Version=0; GDCAuthTT=; $Path=/"
2443 [main] DEBUG org.apache.commons.httpclient.HttpMethodBase  - Cookie accepted: "$Version=0; GDCAuthSST=31c0c491f55dc33104f68c55b84b2179b5ea37fa4e704df5cd1354c050109626365bfba8984ebf976bc1c1314d213eb603b2a003b711549d18a21d425e00129774807f84f09000a62a7a2fe925279ac6320c36250f3a40e199fdf9abbef6b14cc3ea09983f0e0f6ee293402690f0524cca80d7320038e630f38a9bbf994527; $Path=/gdc/account"
2444 [main] DEBUG org.apache.commons.httpclient.HttpMethodBase  - Buffering response body
2445 [main] DEBUG org.apache.commons.httpclient.HttpMethodBase  - Resorting to protocol version default close connection policy
2445 [main] DEBUG org.apache.commons.httpclient.HttpMethodBase  - Should NOT close connection, using HTTP/1.1
2446 [main] DEBUG org.apache.commons.httpclient.HttpConnection  - Releasing connection back to connection manager.
2446 [main] DEBUG org.apache.commons.httpclient.HttpMethodBase  - Default charset used: ISO-8859-1
2450 [main] DEBUG org.apache.commons.httpclient.HttpMethodBase  - Adding Host request header
2617 [main] DEBUG org.apache.commons.httpclient.HttpMethodBase  - Cookie accepted: "$Version=0; GDCAuthTT=989798e4547e639cf367b398ae018edf94fb146e11e4f97aa7d31e735a8977b4bf672b8027e18555018cae64a9eb052b219c97ed5968ec753874ef2fa43dccc2dd9abfa337a799caca182bea0a39b72fbd8f37ee11291a6fad5a8a179aa3143309b70828ebda6f508fe9b6188a633ccba31054047694093ffc77b0f367bbc1417b2275223a223332222c2276223a313330333134303539397d; $Path=/"
2617 [main] DEBUG org.apache.commons.httpclient.HttpMethodBase  - Buffering response body
2617 [main] DEBUG org.apache.commons.httpclient.HttpMethodBase  - Resorting to protocol version default close connection policy
2617 [main] DEBUG org.apache.commons.httpclient.HttpMethodBase  - Should NOT close connection, using HTTP/1.1
2617 [main] DEBUG org.apache.commons.httpclient.HttpConnection  - Releasing connection back to connection manager.
2621 [main] DEBUG org.apache.commons.httpclient.HttpMethodBase  - Adding Host request header
2786 [main] DEBUG org.apache.commons.httpclient.HttpMethodBase  - Buffering response body
2787 [main] DEBUG org.apache.commons.httpclient.HttpMethodBase  - Resorting to protocol version default close connection policy
2787 [main] DEBUG org.apache.commons.httpclient.HttpMethodBase  - Should NOT close connection, using HTTP/1.1
2787 [main] DEBUG org.apache.commons.httpclient.HttpConnection  - Releasing connection back to connection manager.
2787 [main] DEBUG org.apache.commons.httpclient.HttpMethodBase  - Default charset used: ISO-8859-1
2791 [main] DEBUG org.apache.commons.httpclient.HttpMethodBase  - Adding Host request header
2994 [main] DEBUG org.apache.commons.httpclient.HttpMethodBase  - Buffering response body
2994 [main] DEBUG org.apache.commons.httpclient.HttpMethodBase  - Resorting to protocol version default close connection policy
2994 [main] DEBUG org.apache.commons.httpclient.HttpMethodBase  - Should NOT close connection, using HTTP/1.1
2995 [main] DEBUG org.apache.commons.httpclient.HttpConnection  - Releasing connection back to connection manager.
2995 [main] DEBUG org.apache.commons.httpclient.HttpMethodBase  - Default charset used: ISO-8859-1
2998 [main] DEBUG org.apache.commons.httpclient.HttpMethodBase  - Adding Host request header
3532 [main] DEBUG org.apache.commons.httpclient.HttpMethodBase  - Buffering response body
3532 [main] DEBUG org.apache.commons.httpclient.HttpMethodBase  - Resorting to protocol version default close connection policy
3532 [main] DEBUG org.apache.commons.httpclient.HttpMethodBase  - Should NOT close connection, using HTTP/1.1
3532 [main] DEBUG org.apache.commons.httpclient.HttpConnection  - Releasing connection back to connection manager.
3532 [main] DEBUG org.apache.commons.httpclient.HttpMethodBase  - Default charset used: ISO-8859-1
3724 [main] DEBUG org.apache.commons.httpclient.HttpConnection  - Open connection to secure-di.gooddata.com:443
3888 [main] DEBUG org.apache.commons.httpclient.HttpMethodBase  - Adding Host request header
3889 [main] DEBUG org.apache.commons.httpclient.methods.EntityEnclosingMethod  - Request body has not been specified
4415 [main] DEBUG org.apache.commons.httpclient.HttpMethodDirector  - Authorization required
4424 [main] DEBUG org.apache.commons.httpclient.auth.AuthChallengeProcessor  - Supported authentication schemes in the order of preference: [ntlm, digest, basic]
4424 [main] DEBUG org.apache.commons.httpclient.auth.AuthChallengeProcessor  - Challenge for ntlm authentication scheme not available
4424 [main] DEBUG org.apache.commons.httpclient.auth.AuthChallengeProcessor  - Challenge for digest authentication scheme not available
4424 [main] INFO  org.apache.commons.httpclient.auth.AuthChallengeProcessor  - basic authentication scheme selected
4424 [main] DEBUG org.apache.commons.httpclient.auth.AuthChallengeProcessor  - Using authentication scheme: basic
4424 [main] DEBUG org.apache.commons.httpclient.auth.AuthChallengeProcessor  - Authorization challenge processed
4424 [main] DEBUG org.apache.commons.httpclient.HttpMethodDirector  - Authentication scope: BASIC 'GoodData project data staging area'@secure-di.gooddata.com:443
4425 [main] DEBUG org.apache.commons.httpclient.HttpMethodDirector  - Retry authentication
4425 [main] DEBUG org.apache.commons.httpclient.HttpMethodBase  - Resorting to protocol version default close connection policy
4425 [main] DEBUG org.apache.commons.httpclient.HttpMethodBase  - Should NOT close connection, using HTTP/1.1
4425 [main] DEBUG org.apache.commons.httpclient.HttpConnection  - Connection is locked.  Call to releaseConnection() ignored.
4425 [main] DEBUG org.apache.commons.httpclient.HttpMethodDirector  - Authenticating with BASIC 'GoodData project data staging area'@secure-di.gooddata.com:443
4426 [main] DEBUG org.apache.commons.httpclient.params.HttpMethodParams  - Credential charset not configured, using HTTP element charset
4428 [main] DEBUG org.apache.commons.httpclient.HttpMethodBase  - Adding Host request header
4428 [main] DEBUG org.apache.commons.httpclient.methods.EntityEnclosingMethod  - Request body has not been specified
5179 [main] DEBUG org.apache.commons.httpclient.HttpMethodBase  - Buffering response body
5179 [main] DEBUG org.apache.commons.httpclient.HttpMethodBase  - Resorting to protocol version default close connection policy
5179 [main] DEBUG org.apache.commons.httpclient.HttpMethodBase  - Should NOT close connection, using HTTP/1.1
5179 [main] DEBUG org.apache.commons.httpclient.HttpConnection  - Releasing connection back to connection manager.
5181 [main] DEBUG org.apache.commons.httpclient.HttpMethodBase  - Adding Host request header
5184 [main] DEBUG org.apache.commons.httpclient.methods.EntityEnclosingMethod  - Request body sent
7982 [main] DEBUG org.apache.commons.httpclient.HttpMethodDirector  - Authorization required
7982 [main] DEBUG org.apache.commons.httpclient.auth.AuthChallengeProcessor  - Supported authentication schemes in the order of preference: [ntlm, digest, basic]
7982 [main] DEBUG org.apache.commons.httpclient.auth.AuthChallengeProcessor  - Challenge for ntlm authentication scheme not available
7982 [main] DEBUG org.apache.commons.httpclient.auth.AuthChallengeProcessor  - Challenge for digest authentication scheme not available
7982 [main] INFO  org.apache.commons.httpclient.auth.AuthChallengeProcessor  - basic authentication scheme selected
7983 [main] DEBUG org.apache.commons.httpclient.auth.AuthChallengeProcessor  - Using authentication scheme: basic
7983 [main] DEBUG org.apache.commons.httpclient.auth.AuthChallengeProcessor  - Authorization challenge processed
7983 [main] DEBUG org.apache.commons.httpclient.HttpMethodDirector  - Authentication scope: BASIC 'GoodData project data staging area'@secure-di.gooddata.com:443
7983 [main] DEBUG org.apache.commons.httpclient.HttpMethodDirector  - Retry authentication
7983 [main] DEBUG org.apache.commons.httpclient.HttpMethodBase  - Resorting to protocol version default close connection policy
7983 [main] DEBUG org.apache.commons.httpclient.HttpMethodBase  - Should NOT close connection, using HTTP/1.1
7983 [main] DEBUG org.apache.commons.httpclient.HttpConnection  - Connection is locked.  Call to releaseConnection() ignored.
7983 [main] DEBUG org.apache.commons.httpclient.HttpMethodDirector  - Authenticating with BASIC 'GoodData project data staging area'@secure-di.gooddata.com:443
7983 [main] DEBUG org.apache.commons.httpclient.params.HttpMethodParams  - Credential charset not configured, using HTTP element charset
7985 [main] DEBUG org.apache.commons.httpclient.HttpMethodBase  - Adding Host request header
7987 [main] DEBUG org.apache.commons.httpclient.methods.EntityEnclosingMethod  - Request body sent
8239 [main] DEBUG org.apache.commons.httpclient.HttpMethodBase  - Buffering response body
8239 [main] DEBUG org.apache.commons.httpclient.HttpMethodBase  - Resorting to protocol version default close connection policy
8239 [main] DEBUG org.apache.commons.httpclient.HttpMethodBase  - Should NOT close connection, using HTTP/1.1
8239 [main] DEBUG org.apache.commons.httpclient.HttpConnection  - Releasing connection back to connection manager.
8241 [main] DEBUG org.apache.commons.httpclient.HttpMethodBase  - Adding Host request header
8242 [main] DEBUG org.apache.commons.httpclient.methods.EntityEnclosingMethod  - Request body sent
9600 [main] DEBUG org.apache.commons.httpclient.HttpMethodBase  - Buffering response body
9601 [main] DEBUG org.apache.commons.httpclient.HttpMethodBase  - Resorting to protocol version default close connection policy
9601 [main] DEBUG org.apache.commons.httpclient.HttpMethodBase  - Should NOT close connection, using HTTP/1.1
9601 [main] DEBUG org.apache.commons.httpclient.HttpConnection  - Releasing connection back to connection manager.
9601 [main] DEBUG org.apache.commons.httpclient.HttpMethodBase  - Default charset used: ISO-8859-1
9603 [main] DEBUG org.apache.commons.httpclient.HttpMethodBase  - Adding Host request header
9787 [main] DEBUG org.apache.commons.httpclient.HttpMethodBase  - Buffering response body
9787 [main] DEBUG org.apache.commons.httpclient.HttpMethodBase  - Resorting to protocol version default close connection policy
9787 [main] DEBUG org.apache.commons.httpclient.HttpMethodBase  - Should NOT close connection, using HTTP/1.1
9787 [main] DEBUG org.apache.commons.httpclient.HttpConnection  - Releasing connection back to connection manager.
9787 [main] DEBUG org.apache.commons.httpclient.HttpMethodBase  - Default charset used: ISO-8859-1
10289 [main] DEBUG org.apache.commons.httpclient.HttpMethodBase  - Adding Host request header
10464 [main] DEBUG org.apache.commons.httpclient.HttpMethodBase  - Buffering response body
10464 [main] DEBUG org.apache.commons.httpclient.HttpMethodBase  - Resorting to protocol version default close connection policy
10464 [main] DEBUG org.apache.commons.httpclient.HttpMethodBase  - Should NOT close connection, using HTTP/1.1
10465 [main] DEBUG org.apache.commons.httpclient.HttpConnection  - Releasing connection back to connection manager.
10465 [main] DEBUG org.apache.commons.httpclient.HttpMethodBase  - Default charset used: ISO-8859-1
10966 [main] DEBUG org.apache.commons.httpclient.HttpMethodBase  - Adding Host request header
11137 [main] DEBUG org.apache.commons.httpclient.HttpMethodBase  - Buffering response body
11137 [main] DEBUG org.apache.commons.httpclient.HttpMethodBase  - Resorting to protocol version default close connection policy
11137 [main] DEBUG org.apache.commons.httpclient.HttpMethodBase  - Should NOT close connection, using HTTP/1.1
11137 [main] DEBUG org.apache.commons.httpclient.HttpConnection  - Releasing connection back to connection manager.
11137 [main] DEBUG org.apache.commons.httpclient.HttpMethodBase  - Default charset used: ISO-8859-1
11638 [main] DEBUG org.apache.commons.httpclient.HttpMethodBase  - Adding Host request header
11805 [main] DEBUG org.apache.commons.httpclient.HttpMethodBase  - Buffering response body
11806 [main] DEBUG org.apache.commons.httpclient.HttpMethodBase  - Resorting to protocol version default close connection policy
11806 [main] DEBUG org.apache.commons.httpclient.HttpMethodBase  - Should NOT close connection, using HTTP/1.1
11806 [main] DEBUG org.apache.commons.httpclient.HttpConnection  - Releasing connection back to connection manager.
11806 [main] DEBUG org.apache.commons.httpclient.HttpMethodBase  - Default charset used: ISO-8859-1
